Log file open, 10/28/20 12:41:59
LogWindows: Failed to load 'aqProf.dll' (GetLastError=126)
LogWindows: File 'aqProf.dll' does not exist
LogWindows: Failed to load 'VtuneApi.dll' (GetLastError=126)
LogWindows: File 'VtuneApi.dll' does not exist
LogWindows: Failed to load 'VtuneApi32e.dll' (GetLastError=126)
LogWindows: File 'VtuneApi32e.dll' does not exist
LogConsoleResponse: Display: Failed to find resolution value strings in scalability ini. Falling back to default.
LogInit: Display: Running engine for game: ver1
LogPlatformFile: Not using cached read wrapper
LogTaskGraph: Started task graph with 5 named threads and 35 total threads with 3 sets of task threads.
LogStats: Stats thread started at 0.097458
LogD3D11RHI: Loaded GFSDK_Aftermath_Lib.x64.dll
LogICUInternationalization: ICU TimeZone Detection - Raw Offset: +5:30, Platform Override: ''
LogPluginManager: Mounting plugin Paper2D
LogPluginManager: Mounting plugin AISupport
LogPluginManager: Mounting plugin LightPropagationVolume
LogPluginManager: Mounting plugin ActorLayerUtilities
LogPluginManager: Mounting plugin AnimationSharing
LogPluginManager: Mounting plugin CLionSourceCodeAccess
LogPluginManager: Mounting plugin CodeLiteSourceCodeAccess
LogPluginManager: Mounting plugin GitSourceControl
LogPluginManager: Mounting plugin KDevelopSourceCodeAccess
LogPluginManager: Mounting plugin NullSourceCodeAccess
LogPluginManager: Mounting plugin PerforceSourceControl
LogPluginManager: Mounting plugin PlasticSourceControl
LogPluginManager: Mounting plugin SubversionSourceControl
LogPluginManager: Mounting plugin UObjectPlugin
LogPluginManager: Mounting plugin VisualStudioCodeSourceCodeAccess
LogPluginManager: Mounting plugin VisualStudioSourceCodeAccess
LogPluginManager: Mounting plugin XCodeSourceCodeAccess
LogPluginManager: Mounting plugin AssetManagerEditor
LogPluginManager: Mounting plugin CryptoKeys
LogPluginManager: Mounting plugin CurveEditorTools
LogPluginManager: Mounting plugin DataValidation
LogPluginManager: Mounting plugin FacialAnimation
LogPluginManager: Mounting plugin GameplayTagsEditor
LogPluginManager: Mounting plugin MacGraphicsSwitching
LogPluginManager: Mounting plugin MaterialAnalyzer
LogPluginManager: Mounting plugin MobileLauncherProfileWizard
LogPluginManager: Mounting plugin PluginBrowser
LogPluginManager: Mounting plugin SpeedTreeImporter
LogPluginManager: Mounting plugin DatasmithContent
LogPluginManager: Mounting plugin VariantManagerContent
LogPluginManager: Mounting plugin AlembicImporter
LogPluginManager: Mounting plugin AutomationUtils
LogPluginManager: Mounting plugin BackChannel
LogPluginManager: Mounting plugin CharacterAI
LogPluginManager: Mounting plugin GeometryCache
LogPluginManager: Mounting plugin PlatformCrypto
LogPluginManager: Mounting plugin ProxyLODPlugin
LogPluginManager: Mounting plugin SkeletalReduction
LogPluginManager: Mounting plugin MagicLeap
LogPluginManager: Mounting plugin MagicLeapMedia
LogPluginManager: Mounting plugin MLSDK
LogPluginManager: Mounting plugin AndroidMedia
LogPluginManager: Mounting plugin AvfMedia
LogPluginManager: Mounting plugin ImgMedia
LogPluginManager: Mounting plugin MediaCompositing
LogPluginManager: Mounting plugin MediaPlayerEditor
LogPluginManager: Mounting plugin WebMMedia
LogPluginManager: Mounting plugin WmfMedia
LogPluginManager: Mounting plugin TcpMessaging
LogPluginManager: Mounting plugin UdpMessaging
LogPluginManager: Mounting plugin ActorSequence
LogPluginManager: Mounting plugin LevelSequenceEditor
LogPluginManager: Mounting plugin MatineeToLevelSequence
LogPluginManager: Mounting plugin NetcodeUnitTest
LogPluginManager: Mounting plugin NUTUnrealEngine4
LogPluginManager: Mounting plugin OnlineSubsystemGooglePlay
LogPluginManager: Mounting plugin OnlineSubsystemIOS
LogPluginManager: Mounting plugin OnlineSubsystem
LogPluginManager: Mounting plugin OnlineSubsystemNull
LogPluginManager: Mounting plugin OnlineSubsystemUtils
LogPluginManager: Mounting plugin LauncherChunkInstaller
LogPluginManager: Mounting plugin AndroidDeviceProfileSelector
LogPluginManager: Mounting plugin AndroidMoviePlayer
LogPluginManager: Mounting plugin AndroidPermission
LogPluginManager: Mounting plugin AppleImageUtils
LogPluginManager: Mounting plugin AppleMoviePlayer
LogPluginManager: Mounting plugin ArchVisCharacter
LogPluginManager: Mounting plugin AssetTags
LogPluginManager: Mounting plugin AudioCapture
LogPluginManager: Mounting plugin CableComponent
LogPluginManager: Mounting plugin CustomMeshComponent
LogPluginManager: Mounting plugin EditableMesh
LogPluginManager: Mounting plugin ExampleDeviceProfileSelector
LogPluginManager: Mounting plugin GoogleCloudMessaging
LogPluginManager: Mounting plugin IOSDeviceProfileSelector
LogPluginManager: Mounting plugin LinuxDeviceProfileSelector
LogPluginManager: Mounting plugin LocationServicesBPLibrary
LogPluginManager: Mounting plugin MobilePatchingUtils
LogPluginManager: Mounting plugin OculusVR
LogPluginManager: Mounting plugin PhysXVehicles
LogPluginManager: Mounting plugin PostSplashScreen
LogPluginManager: Mounting plugin ProceduralMeshComponent
LogPluginManager: Mounting plugin RuntimePhysXCooking
LogPluginManager: Mounting plugin SignificanceManager
LogPluginManager: Mounting plugin SteamVR
LogPluginManager: Mounting plugin WebMMoviePlayer
LogPluginManager: Mounting plugin WindowsMoviePlayer
LogPluginManager: Mounting plugin ScreenshotTools
LogInit: Using libcurl 7.55.1-DEV
LogInit:  - built for x86_64-pc-win32
LogInit:  - supports SSL with OpenSSL/1.1.1
LogInit:  - supports HTTP deflate (compression) using libz 1.2.8
LogInit:  - other features:
LogInit:      CURL_VERSION_SSL
LogInit:      CURL_VERSION_LIBZ
LogInit:      CURL_VERSION_IPV6
LogInit:      CURL_VERSION_ASYNCHDNS
LogInit:      CURL_VERSION_LARGEFILE
LogInit:      CURL_VERSION_IDN
LogInit:  CurlRequestOptions (configurable via config and command line):
LogInit:  - bVerifyPeer = true  - Libcurl will verify peer certificate
LogInit:  - bUseHttpProxy = false  - Libcurl will NOT use HTTP proxy
LogInit:  - bDontReuseConnections = false  - Libcurl will reuse connections
LogInit:  - MaxHostConnections = 16  - Libcurl will limit the number of connections to a host
LogInit:  - LocalHostAddr = Default
LogInit:  - BufferSize = 65536
LogOnline: OSS: Creating online subsystem instance for: NULL
LogInit: WinSock: version 1.1 (2.2), MaxSocks=32767, MaxUdp=65467
LogOnline: OSS: TryLoadSubsystemAndSetDefault: Loaded subsystem for module [NULL]
LogInit: Build: ++UE4+Release-4.24-CL-11590370
LogInit: Engine Version: 4.24.3-11590370+++UE4+Release-4.24
LogInit: Compatible Engine Version: 4.24.0-10570792+++UE4+Release-4.24
LogInit: Net CL: 10570792
LogInit: OS: Windows 10 (Release 1809) (), CPU: Intel(R) Core(TM) i7-8700 CPU @ 3.20GHz, GPU: Intel(R) UHD Graphics 630
LogInit: Compiled (64-bit): Feb 24 2020 15:39:18
LogInit: Compiled with Visual C++: 19.16.27032.01
LogInit: Build Configuration: Development
LogInit: Branch Name: ++UE4+Release-4.24
LogInit: Command Line: 
LogInit: Base Directory: C:/Program Files/Epic Games/UE_4.24/Engine/Binaries/Win64/
LogInit: Installed Engine Build: 1
LogDevObjectVersion: Number of dev versions registered: 25
LogDevObjectVersion:   Dev-Blueprints (B0D832E4-1F89-4F0D-ACCF-7EB736FD4AA2): 10
LogDevObjectVersion:   Dev-Build (E1C64328-A22C-4D53-A36C-8E866417BD8C): 0
LogDevObjectVersion:   Dev-Core (375EC13C-06E4-48FB-B500-84F0262A717E): 3
LogDevObjectVersion:   Dev-Editor (E4B068ED-F494-42E9-A231-DA0B2E46BB41): 37
LogDevObjectVersion:   Dev-Framework (CFFC743F-43B0-4480-9391-14DF171D2073): 36
LogDevObjectVersion:   Dev-Mobile (B02B49B5-BB20-44E9-A304-32B752E40360): 2
LogDevObjectVersion:   Dev-Networking (A4E4105C-59A1-49B5-A7C5-40C4547EDFEE): 0
LogDevObjectVersion:   Dev-Online (39C831C9-5AE6-47DC-9A44-9C173E1C8E7C): 0
LogDevObjectVersion:   Dev-Physics (78F01B33-EBEA-4F98-B9B4-84EACCB95AA2): 2
LogDevObjectVersion:   Dev-Platform (6631380F-2D4D-43E0-8009-CF276956A95A): 0
LogDevObjectVersion:   Dev-Rendering (12F88B9F-8875-4AFC-A67C-D90C383ABD29): 36
LogDevObjectVersion:   Dev-Sequencer (7B5AE74C-D270-4C10-A958-57980B212A5A): 11
LogDevObjectVersion:   Dev-VR (D7296918-1DD6-4BDD-9DE2-64A83CC13884): 2
LogDevObjectVersion:   Dev-LoadTimes (C2A15278-BFE7-4AFE-6C17-90FF531DF755): 1
LogDevObjectVersion:   Private-Geometry (6EACA3D4-40EC-4CC1-B786-8BED09428FC5): 3
LogDevObjectVersion:   Dev-AnimPhys (29E575DD-E0A3-4627-9D10-D276232CDCEA): 17
LogDevObjectVersion:   Dev-Anim (AF43A65D-7FD3-4947-9873-3E8ED9C1BB05): 2
LogDevObjectVersion:   Dev-ReflectionCapture (6B266CEC-1EC7-4B8F-A30B-E4D90942FC07): 1
LogDevObjectVersion:   Dev-Automation (0DF73D61-A23F-47EA-B727-89E90C41499A): 1
LogDevObjectVersion:   FortniteMain (601D1886-AC64-4F84-AA16-D3DE0DEAC7D6): 31
LogDevObjectVersion:   Dev-Enterprise (9DFFBCD6-494F-0158-E221-12823C92A888): 8
LogDevObjectVersion:   Dev-Niagara (F2AED0AC-9AFE-416F-8664-AA7FFA26D6FC): 1
LogDevObjectVersion:   Dev-Destruction (174F1F0B-B4C6-45A5-B13F-2EE8D0FB917D): 9
LogDevObjectVersion:   Dev-Physics-Ext (35F94A83-E258-406C-A318-09F59610247C): 8
LogDevObjectVersion:   Dev-CineCamera (B2E18506-4273-CFC2-A54E-F4BB758BBA07): 1
LogInit: Presizing for max 25165824 objects, including 0 objects not considered by GC, pre-allocating 0 bytes for permanent pool.
LogInit: Object subsystem initialized
LogConfig: Setting CVar [[con.DebugEarlyDefault:1]]
LogConfig: Setting CVar [[r.setres:1280x720]]
[2020.10.28-07.11.59:867][  0]LogConfig: Setting CVar [[r.VSync:0]]
[2020.10.28-07.11.59:867][  0]LogConfig: Setting CVar [[r.RHICmdBypass:0]]
[2020.10.28-07.11.59:867][  0]LogConfig: Applying CVar settings from Section [/Script/Engine.RendererSettings] File [S:/AdversarialTesting/ver1/Saved/Config/Windows/Engine.ini]
[2020.10.28-07.11.59:867][  0]LogConfig: Setting CVar [[r.GPUCrashDebugging:0]]
[2020.10.28-07.11.59:867][  0]LogConfig: Setting CVar [[r.SkinCache.CompileShaders:1]]
[2020.10.28-07.11.59:867][  0]LogConfig: Setting CVar [[r.RayTracing:1]]
[2020.10.28-07.11.59:867][  0]LogConfig: Applying CVar settings from Section [/Script/Engine.RendererOverrideSettings] File [S:/AdversarialTesting/ver1/Saved/Config/Windows/Engine.ini]
[2020.10.28-07.11.59:867][  0]LogConfig: Applying CVar settings from Section [/Script/Engine.StreamingSettings] File [S:/AdversarialTesting/ver1/Saved/Config/Windows/Engine.ini]
[2020.10.28-07.11.59:867][  0]LogConfig: Setting CVar [[s.MinBulkDataSizeForAsyncLoading:131072]]
[2020.10.28-07.11.59:867][  0]LogConfig: Setting CVar [[s.AsyncLoadingThreadEnabled:0]]
[2020.10.28-07.11.59:867][  0]LogConfig: Setting CVar [[s.EventDrivenLoaderEnabled:1]]
[2020.10.28-07.11.59:867][  0]LogConfig: Setting CVar [[s.WarnIfTimeLimitExceeded:0]]
[2020.10.28-07.11.59:867][  0]LogConfig: Setting CVar [[s.TimeLimitExceededMultiplier:1.5]]
[2020.10.28-07.11.59:867][  0]LogConfig: Setting CVar [[s.TimeLimitExceededMinTime:0.005]]
[2020.10.28-07.11.59:867][  0]LogConfig: Setting CVar [[s.UseBackgroundLevelStreaming:1]]
[2020.10.28-07.11.59:868][  0]LogConfig: Setting CVar [[s.PriorityAsyncLoadingExtraTime:15.0]]
[2020.10.28-07.11.59:868][  0]LogConfig: Setting CVar [[s.LevelStreamingActorsUpdateTimeLimit:5.0]]
[2020.10.28-07.11.59:868][  0]LogConfig: Setting CVar [[s.PriorityLevelStreamingActorsUpdateExtraTime:5.0]]
[2020.10.28-07.11.59:868][  0]LogConfig: Setting CVar [[s.LevelStreamingComponentsRegistrationGranularity:10]]
[2020.10.28-07.11.59:868][  0]LogConfig: Setting CVar [[s.UnregisterComponentsTimeLimit:1.0]]
[2020.10.28-07.11.59:868][  0]LogConfig: Setting CVar [[s.LevelStreamingComponentsUnregistrationGranularity:5]]
[2020.10.28-07.11.59:868][  0]LogConfig: Setting CVar [[s.FlushStreamingOnExit:1]]
[2020.10.28-07.11.59:868][  0]LogConfig: Applying CVar settings from Section [/Script/Engine.GarbageCollectionSettings] File [S:/AdversarialTesting/ver1/Saved/Config/Windows/Engine.ini]
[2020.10.28-07.11.59:868][  0]LogConfig: Setting CVar [[gc.MaxObjectsNotConsideredByGC:1]]
[2020.10.28-07.11.59:868][  0]LogConfig: Setting CVar [[gc.SizeOfPermanentObjectPool:0]]
[2020.10.28-07.11.59:868][  0]LogConfig: Setting CVar [[gc.FlushStreamingOnGC:0]]
[2020.10.28-07.11.59:868][  0]LogConfig: Setting CVar [[gc.NumRetriesBeforeForcingGC:10]]
[2020.10.28-07.11.59:868][  0]LogConfig: Setting CVar [[gc.AllowParallelGC:1]]
[2020.10.28-07.11.59:868][  0]LogConfig: Setting CVar [[gc.TimeBetweenPurgingPendingKillObjects:61.1]]
[2020.10.28-07.11.59:868][  0]LogConfig: Setting CVar [[gc.MaxObjectsInEditor:25165824]]
[2020.10.28-07.11.59:868][  0]LogConfig: Setting CVar [[gc.IncrementalBeginDestroyEnabled:1]]
[2020.10.28-07.11.59:868][  0]LogConfig: Setting CVar [[gc.CreateGCClusters:1]]
[2020.10.28-07.11.59:868][  0]LogConfig: Setting CVar [[gc.MinGCClusterSize:5]]
[2020.10.28-07.11.59:868][  0]LogConfig: Setting CVar [[gc.ActorClusteringEnabled:0]]
[2020.10.28-07.11.59:868][  0]LogConfig: Setting CVar [[gc.BlueprintClusteringEnabled:0]]
[2020.10.28-07.11.59:868][  0]LogConfig: Setting CVar [[gc.UseDisregardForGCOnDedicatedServers:0]]
[2020.10.28-07.11.59:868][  0]LogConfig: Applying CVar settings from Section [/Script/Engine.NetworkSettings] File [S:/AdversarialTesting/ver1/Saved/Config/Windows/Engine.ini]
[2020.10.28-07.11.59:868][  0]LogConfig: Applying CVar settings from Section [/Script/UnrealEd.CookerSettings] File [S:/AdversarialTesting/ver1/Saved/Config/Windows/Engine.ini]
[2020.10.28-07.11.59:877][  0]LogConfig: Applying CVar settings from Section [ViewDistanceQuality@3] File [S:/AdversarialTesting/ver1/Saved/Config/Windows/Scalability.ini]
[2020.10.28-07.11.59:877][  0]LogConfig: Setting CVar [[r.SkeletalMeshLODBias:0]]
[2020.10.28-07.11.59:877][  0]LogConfig: Setting CVar [[r.ViewDistanceScale:1.0]]
[2020.10.28-07.11.59:877][  0]LogConfig: Applying CVar settings from Section [AntiAliasingQuality@3] File [S:/AdversarialTesting/ver1/Saved/Config/Windows/Scalability.ini]
[2020.10.28-07.11.59:877][  0]LogConfig: Setting CVar [[r.PostProcessAAQuality:4]]
[2020.10.28-07.11.59:878][  0]LogConfig: Applying CVar settings from Section [ShadowQuality@3] File [S:/AdversarialTesting/ver1/Saved/Config/Windows/Scalability.ini]
[2020.10.28-07.11.59:878][  0]LogConfig: Setting CVar [[r.LightFunctionQuality:1]]
[2020.10.28-07.11.59:878][  0]LogConfig: Setting CVar [[r.ShadowQuality:5]]
[2020.10.28-07.11.59:878][  0]LogConfig: Setting CVar [[r.Shadow.CSM.MaxCascades:10]]
[2020.10.28-07.11.59:878][  0]LogConfig: Setting CVar [[r.Shadow.MaxResolution:2048]]
[2020.10.28-07.11.59:878][  0]LogConfig: Setting CVar [[r.Shadow.MaxCSMResolution:2048]]
[2020.10.28-07.11.59:878][  0]LogConfig: Setting CVar [[r.Shadow.RadiusThreshold:0.01]]
[2020.10.28-07.11.59:878][  0]LogConfig: Setting CVar [[r.Shadow.DistanceScale:1.0]]
[2020.10.28-07.11.59:878][  0]LogConfig: Setting CVar [[r.Shadow.CSM.TransitionScale:1.0]]
[2020.10.28-07.11.59:878][  0]LogConfig: Setting CVar [[r.Shadow.PreShadowResolutionFactor:1.0]]
[2020.10.28-07.11.59:878][  0]LogConfig: Setting CVar [[r.DistanceFieldShadowing:1]]
[2020.10.28-07.11.59:878][  0]LogConfig: Setting CVar [[r.DistanceFieldAO:1]]
[2020.10.28-07.11.59:878][  0]LogConfig: Setting CVar [[r.AOQuality:2]]
[2020.10.28-07.11.59:878][  0]LogConfig: Setting CVar [[r.VolumetricFog:1]]
[2020.10.28-07.11.59:878][  0]LogConfig: Setting CVar [[r.VolumetricFog.GridPixelSize:8]]
[2020.10.28-07.11.59:878][  0]LogConfig: Setting CVar [[r.VolumetricFog.GridSizeZ:128]]
[2020.10.28-07.11.59:878][  0]LogConfig: Setting CVar [[r.VolumetricFog.HistoryMissSupersampleCount:4]]
[2020.10.28-07.11.59:878][  0]LogConfig: Setting CVar [[r.LightMaxDrawDistanceScale:1]]
[2020.10.28-07.11.59:878][  0]LogConfig: Setting CVar [[r.CapsuleShadows:1]]
[2020.10.28-07.11.59:878][  0]LogConfig: Applying CVar settings from Section [PostProcessQuality@3] File [S:/AdversarialTesting/ver1/Saved/Config/Windows/Scalability.ini]
[2020.10.28-07.11.59:878][  0]LogConfig: Setting CVar [[r.MotionBlurQuality:4]]
[2020.10.28-07.11.59:878][  0]LogConfig: Setting CVar [[r.AmbientOcclusionMipLevelFactor:0.4]]
[2020.10.28-07.11.59:878][  0]LogConfig: Setting CVar [[r.AmbientOcclusionMaxQuality:100]]
[2020.10.28-07.11.59:878][  0]LogConfig: Setting CVar [[r.AmbientOcclusionLevels:-1]]
[2020.10.28-07.11.59:878][  0]LogConfig: Setting CVar [[r.AmbientOcclusionRadiusScale:1.0]]
[2020.10.28-07.11.59:878][  0]LogConfig: Setting CVar [[r.DepthOfFieldQuality:2]]
[2020.10.28-07.11.59:878][  0]LogConfig: Setting CVar [[r.RenderTargetPoolMin:400]]
[2020.10.28-07.11.59:878][  0]LogConfig: Setting CVar [[r.LensFlareQuality:2]]
[2020.10.28-07.11.59:878][  0]LogConfig: Setting CVar [[r.SceneColorFringeQuality:1]]
[2020.10.28-07.11.59:878][  0]LogConfig: Setting CVar [[r.EyeAdaptationQuality:2]]
[2020.10.28-07.11.59:878][  0]LogConfig: Setting CVar [[r.BloomQuality:5]]
[2020.10.28-07.11.59:878][  0]LogConfig: Setting CVar [[r.FastBlurThreshold:100]]
[2020.10.28-07.11.59:878][  0]LogConfig: Setting CVar [[r.Upscale.Quality:3]]
[2020.10.28-07.11.59:878][  0]LogConfig: Setting CVar [[r.Tonemapper.GrainQuantization:1]]
[2020.10.28-07.11.59:878][  0]LogConfig: Setting CVar [[r.LightShaftQuality:1]]
[2020.10.28-07.11.59:878][  0]LogConfig: Setting CVar [[r.Filter.SizeScale:1]]
[2020.10.28-07.11.59:878][  0]LogConfig: Setting CVar [[r.Tonemapper.Quality:5]]
[2020.10.28-07.11.59:878][  0]LogConfig: Setting CVar [[r.DOF.Gather.AccumulatorQuality:1        ; higher gathering accumulator quality]]
[2020.10.28-07.11.59:878][  0]LogConfig: Setting CVar [[r.DOF.Gather.PostfilterMethod:1          ; Median3x3 postfilering method]]
[2020.10.28-07.11.59:878][  0]LogConfig: Setting CVar [[r.DOF.Gather.EnableBokehSettings:0       ; no bokeh simulation when gathering]]
[2020.10.28-07.11.59:878][  0]LogConfig: Setting CVar [[r.DOF.Gather.RingCount:4                 ; medium number of samples when gathering]]
[2020.10.28-07.11.59:878][  0]LogConfig: Setting CVar [[r.DOF.Scatter.ForegroundCompositing:1    ; additive foreground scattering]]
[2020.10.28-07.11.59:878][  0]LogConfig: Setting CVar [[r.DOF.Scatter.BackgroundCompositing:2    ; additive background scattering]]
[2020.10.28-07.11.59:878][  0]LogConfig: Setting CVar [[r.DOF.Scatter.EnableBokehSettings:1      ; bokeh simulation when scattering]]
[2020.10.28-07.11.59:879][  0]LogConfig: Setting CVar [[r.DOF.Scatter.MaxSpriteRatio:0.1         ; only a maximum of 10% of scattered bokeh]]
[2020.10.28-07.11.59:879][  0]LogConfig: Setting CVar [[r.DOF.Recombine.Quality:1                ; cheap slight out of focus]]
[2020.10.28-07.11.59:879][  0]LogConfig: Setting CVar [[r.DOF.Recombine.EnableBokehSettings:0    ; no bokeh simulation on slight out of focus]]
[2020.10.28-07.11.59:879][  0]LogConfig: Setting CVar [[r.DOF.TemporalAAQuality:1                ; more stable temporal accumulation]]
[2020.10.28-07.11.59:879][  0]LogConfig: Setting CVar [[r.DOF.Kernel.MaxForegroundRadius:0.025]]
[2020.10.28-07.11.59:879][  0]LogConfig: Setting CVar [[r.DOF.Kernel.MaxBackgroundRadius:0.025]]
[2020.10.28-07.11.59:879][  0]LogConfig: Applying CVar settings from Section [TextureQuality@3] File [S:/AdversarialTesting/ver1/Saved/Config/Windows/Scalability.ini]
[2020.10.28-07.11.59:879][  0]LogConfig: Setting CVar [[r.Streaming.MipBias:0]]
[2020.10.28-07.11.59:879][  0]LogConfig: Setting CVar [[r.Streaming.AmortizeCPUToGPUCopy:0]]
[2020.10.28-07.11.59:879][  0]LogConfig: Setting CVar [[r.Streaming.MaxNumTexturesToStreamPerFrame:0]]
[2020.10.28-07.11.59:879][  0]LogConfig: Setting CVar [[r.Streaming.Boost:1]]
[2020.10.28-07.11.59:879][  0]LogConfig: Setting CVar [[r.MaxAnisotropy:8]]
[2020.10.28-07.11.59:879][  0]LogConfig: Setting CVar [[r.VT.MaxAnisotropy:8]]
[2020.10.28-07.11.59:879][  0]LogConfig: Setting CVar [[r.Streaming.LimitPoolSizeToVRAM:0]]
[2020.10.28-07.11.59:879][  0]LogConfig: Setting CVar [[r.Streaming.PoolSize:1000]]
[2020.10.28-07.11.59:879][  0]LogConfig: Setting CVar [[r.Streaming.MaxEffectiveScreenSize:0]]
[2020.10.28-07.11.59:879][  0]LogConfig: Applying CVar settings from Section [EffectsQuality@3] File [S:/AdversarialTesting/ver1/Saved/Config/Windows/Scalability.ini]
[2020.10.28-07.11.59:879][  0]LogConfig: Setting CVar [[r.TranslucencyLightingVolumeDim:64]]
[2020.10.28-07.11.59:879][  0]LogConfig: Setting CVar [[r.RefractionQuality:2]]
[2020.10.28-07.11.59:879][  0]LogConfig: Setting CVar [[r.SSR.Quality:3]]
[2020.10.28-07.11.59:879][  0]LogConfig: Setting CVar [[r.SSR.HalfResSceneColor:0]]
[2020.10.28-07.11.59:879][  0]LogConfig: Setting CVar [[r.SceneColorFormat:4]]
[2020.10.28-07.11.59:879][  0]LogConfig: Setting CVar [[r.DetailMode:2]]
[2020.10.28-07.11.59:879][  0]LogConfig: Setting CVar [[r.TranslucencyVolumeBlur:1]]
[2020.10.28-07.11.59:879][  0]LogConfig: Setting CVar [[r.MaterialQualityLevel:1 ; High quality]]
[2020.10.28-07.11.59:879][  0]LogConfig: Setting CVar [[r.SSS.Scale:1]]
[2020.10.28-07.11.59:879][  0]LogConfig: Setting CVar [[r.SSS.SampleSet:2]]
[2020.10.28-07.11.59:879][  0]LogConfig: Setting CVar [[r.SSS.Quality:1]]
[2020.10.28-07.11.59:879][  0]LogConfig: Setting CVar [[r.SSS.HalfRes:1]]
[2020.10.28-07.11.59:879][  0]LogConfig: Setting CVar [[r.SSGI.Quality:3]]
[2020.10.28-07.11.59:879][  0]LogConfig: Setting CVar [[r.EmitterSpawnRateScale:1.0]]
[2020.10.28-07.11.59:879][  0]LogConfig: Setting CVar [[r.ParticleLightQuality:2]]
[2020.10.28-07.11.59:879][  0]LogConfig: Setting CVar [[r.SkyAtmosphere.AerialPerspectiveLUT.FastApplyOnOpaque:1 ; Always have FastSkyLUT 1 in this case to avoid wrong sky]]
[2020.10.28-07.11.59:879][  0]LogConfig: Setting CVar [[r.SkyAtmosphere.AerialPerspectiveLUT.SampleCountPerSlice:1]]
[2020.10.28-07.11.59:879][  0]LogConfig: Setting CVar [[r.SkyAtmosphere.AerialPerspectiveLUT.DepthResolution:16.0]]
[2020.10.28-07.11.59:879][  0]LogConfig: Setting CVar [[r.SkyAtmosphere.FastSkyLUT:1]]
[2020.10.28-07.11.59:880][  0]LogConfig: Setting CVar [[r.SkyAtmosphere.FastSkyLUT.SampleCountMin:4.0]]
[2020.10.28-07.11.59:880][  0]LogConfig: Setting CVar [[r.SkyAtmosphere.FastSkyLUT.SampleCountMax:32.0]]
[2020.10.28-07.11.59:880][  0]LogConfig: Setting CVar [[r.SkyAtmosphere.SampleCountMin:4.0]]
[2020.10.28-07.11.59:880][  0]LogConfig: Setting CVar [[r.SkyAtmosphere.SampleCountMax:32.0]]
[2020.10.28-07.11.59:880][  0]LogConfig: Setting CVar [[r.SkyAtmosphere.TransmittanceLUT.UseSmallFormat:0]]
[2020.10.28-07.11.59:880][  0]LogConfig: Setting CVar [[r.SkyAtmosphere.TransmittanceLUT.SampleCount:10.0]]
[2020.10.28-07.11.59:880][  0]LogConfig: Setting CVar [[r.SkyAtmosphere.MultiScatteringLUT.SampleCount:15.0]]
[2020.10.28-07.11.59:880][  0]LogConfig: Applying CVar settings from Section [FoliageQuality@3] File [S:/AdversarialTesting/ver1/Saved/Config/Windows/Scalability.ini]
[2020.10.28-07.11.59:880][  0]LogConfig: Setting CVar [[foliage.DensityScale:1.0]]
[2020.10.28-07.11.59:880][  0]LogConfig: Setting CVar [[grass.DensityScale:1.0]]
[2020.10.28-07.11.59:880][  0]LogConfig: Applying CVar settings from Section [ShadingQuality@3] File [S:/AdversarialTesting/ver1/Saved/Config/Windows/Scalability.ini]
[2020.10.28-07.11.59:880][  0]LogConfig: Setting CVar [[r.HairStrands.SkyLighting.SampleCount:16]]
[2020.10.28-07.11.59:880][  0]LogConfig: Setting CVar [[r.HairStrands.SkyLighting.JitterIntegration:0]]
[2020.10.28-07.11.59:880][  0]LogConfig: Setting CVar [[r.HairStrands.SkyAO.SampleCount:16]]
[2020.10.28-07.11.59:880][  0]LogInit: Selected Device Profile: [Windows]
[2020.10.28-07.11.59:880][  0]LogInit: Applying CVar settings loaded from the selected device profile: [Windows]
[2020.10.28-07.11.59:885][  0]LogHAL: Display: Platform has ~ 16 GB [16833748992 / 17179869184 / 16], which maps to Larger [LargestMinGB=32, LargerMinGB=12, DefaultMinGB=8, SmallerMinGB=6, SmallestMinGB=0)
[2020.10.28-07.11.59:885][  0]LogInit: Going up to parent DeviceProfile []
[2020.10.28-07.11.59:885][  0]LogConfig: Applying CVar settings from Section [ViewDistanceQuality@Cine] File [S:/AdversarialTesting/ver1/Saved/Config/Windows/Scalability.ini]
[2020.10.28-07.11.59:885][  0]LogConfig: Setting CVar [[r.SkeletalMeshLODBias:0]]
[2020.10.28-07.11.59:885][  0]LogConfig: Setting CVar [[r.ViewDistanceScale:10.0]]
[2020.10.28-07.11.59:885][  0]LogConfig: Applying CVar settings from Section [AntiAliasingQuality@Cine] File [S:/AdversarialTesting/ver1/Saved/Config/Windows/Scalability.ini]
[2020.10.28-07.11.59:885][  0]LogConfig: Setting CVar [[r.PostProcessAAQuality:6]]
[2020.10.28-07.11.59:885][  0]LogConfig: Applying CVar settings from Section [ShadowQuality@Cine] File [S:/AdversarialTesting/ver1/Saved/Config/Windows/Scalability.ini]
[2020.10.28-07.11.59:885][  0]LogConfig: Setting CVar [[r.LightFunctionQuality:1]]
[2020.10.28-07.11.59:885][  0]LogConfig: Setting CVar [[r.ShadowQuality:5]]
[2020.10.28-07.11.59:885][  0]LogConfig: Setting CVar [[r.Shadow.CSM.MaxCascades:10]]
[2020.10.28-07.11.59:885][  0]LogConfig: Setting CVar [[r.Shadow.MaxResolution:4096]]
[2020.10.28-07.11.59:885][  0]LogConfig: Setting CVar [[r.Shadow.MaxCSMResolution:4096]]
[2020.10.28-07.11.59:885][  0]LogConfig: Setting CVar [[r.Shadow.RadiusThreshold:0]]
[2020.10.28-07.11.59:885][  0]LogConfig: Setting CVar [[r.Shadow.DistanceScale:1.0]]
[2020.10.28-07.11.59:885][  0]LogConfig: Setting CVar [[r.Shadow.CSM.TransitionScale:1.0]]
[2020.10.28-07.11.59:885][  0]LogConfig: Setting CVar [[r.Shadow.PreShadowResolutionFactor:1.0]]
[2020.10.28-07.11.59:885][  0]LogConfig: Setting CVar [[r.DistanceFieldShadowing:1]]
[2020.10.28-07.11.59:885][  0]LogConfig: Setting CVar [[r.DistanceFieldAO:1]]
[2020.10.28-07.11.59:885][  0]LogConfig: Setting CVar [[r.AOQuality:2]]
[2020.10.28-07.11.59:885][  0]LogConfig: Setting CVar [[r.VolumetricFog:1]]
[2020.10.28-07.11.59:885][  0]LogConfig: Setting CVar [[r.VolumetricFog.GridPixelSize:4]]
[2020.10.28-07.11.59:885][  0]LogConfig: Setting CVar [[r.VolumetricFog.GridSizeZ:128]]
[2020.10.28-07.11.59:885][  0]LogConfig: Setting CVar [[r.VolumetricFog.HistoryMissSupersampleCount:16]]
[2020.10.28-07.11.59:885][  0]LogConfig: Setting CVar [[r.LightMaxDrawDistanceScale:1]]
[2020.10.28-07.11.59:885][  0]LogConfig: Setting CVar [[r.CapsuleShadows:1]]
[2020.10.28-07.11.59:885][  0]LogConfig: Applying CVar settings from Section [PostProcessQuality@Cine] File [S:/AdversarialTesting/ver1/Saved/Config/Windows/Scalability.ini]
[2020.10.28-07.11.59:885][  0]LogConfig: Setting CVar [[r.MotionBlurQuality:4]]
[2020.10.28-07.11.59:885][  0]LogConfig: Setting CVar [[r.AmbientOcclusionMipLevelFactor:0.4]]
[2020.10.28-07.11.59:885][  0]LogConfig: Setting CVar [[r.AmbientOcclusionMaxQuality:100]]
[2020.10.28-07.11.59:885][  0]LogConfig: Setting CVar [[r.AmbientOcclusionLevels:-1]]
[2020.10.28-07.11.59:885][  0]LogConfig: Setting CVar [[r.AmbientOcclusionRadiusScale:1.0]]
[2020.10.28-07.11.59:885][  0]LogConfig: Setting CVar [[r.DepthOfFieldQuality:4]]
[2020.10.28-07.11.59:886][  0]LogConfig: Setting CVar [[r.RenderTargetPoolMin:1000]]
[2020.10.28-07.11.59:886][  0]LogConfig: Setting CVar [[r.LensFlareQuality:3]]
[2020.10.28-07.11.59:886][  0]LogConfig: Setting CVar [[r.SceneColorFringeQuality:1]]
[2020.10.28-07.11.59:886][  0]LogConfig: Setting CVar [[r.EyeAdaptationQuality:2]]
[2020.10.28-07.11.59:886][  0]LogConfig: Setting CVar [[r.BloomQuality:5]]
[2020.10.28-07.11.59:886][  0]LogConfig: Setting CVar [[r.FastBlurThreshold:100]]
[2020.10.28-07.11.59:886][  0]LogConfig: Setting CVar [[r.Upscale.Quality:3]]
[2020.10.28-07.11.59:886][  0]LogConfig: Setting CVar [[r.Tonemapper.GrainQuantization:1]]
[2020.10.28-07.11.59:886][  0]LogConfig: Setting CVar [[r.LightShaftQuality:1]]
[2020.10.28-07.11.59:886][  0]LogConfig: Setting CVar [[r.Filter.SizeScale:1]]
[2020.10.28-07.11.59:886][  0]LogConfig: Setting CVar [[r.Tonemapper.Quality:5]]
[2020.10.28-07.11.59:886][  0]LogConfig: Setting CVar [[r.DOF.Gather.AccumulatorQuality:1        ; higher gathering accumulator quality]]
[2020.10.28-07.11.59:886][  0]LogConfig: Setting CVar [[r.DOF.Gather.PostfilterMethod:1          ; Median3x3 postfilering method]]
[2020.10.28-07.11.59:886][  0]LogConfig: Setting CVar [[r.DOF.Gather.EnableBokehSettings:1       ; bokeh simulation when gathering]]
[2020.10.28-07.11.59:886][  0]LogConfig: Setting CVar [[r.DOF.Gather.RingCount:5                 ; high number of samples when gathering]]
[2020.10.28-07.11.59:886][  0]LogConfig: Setting CVar [[r.DOF.Scatter.ForegroundCompositing:1    ; additive foreground scattering]]
[2020.10.28-07.11.59:886][  0]LogConfig: Setting CVar [[r.DOF.Scatter.BackgroundCompositing:2    ; background scattering occlusion]]
[2020.10.28-07.11.59:886][  0]LogConfig: Setting CVar [[r.DOF.Scatter.EnableBokehSettings:1      ; no bokeh simulation when scattering]]
[2020.10.28-07.11.59:886][  0]LogConfig: Setting CVar [[r.DOF.Scatter.MaxSpriteRatio:0.25        ; only a maximum of 10% of scattered bokeh]]
[2020.10.28-07.11.59:886][  0]LogConfig: Setting CVar [[r.DOF.Recombine.Quality:2                ; highest slight out of focus]]
[2020.10.28-07.11.59:886][  0]LogConfig: Setting CVar [[r.DOF.Recombine.EnableBokehSettings:1    ; bokeh simulation on slight out of focus]]
[2020.10.28-07.11.59:886][  0]LogConfig: Setting CVar [[r.DOF.TemporalAAQuality:1                ; more stable temporal accumulation]]
[2020.10.28-07.11.59:886][  0]LogConfig: Setting CVar [[r.DOF.Kernel.MaxForegroundRadius:0.025]]
[2020.10.28-07.11.59:886][  0]LogConfig: Setting CVar [[r.DOF.Kernel.MaxBackgroundRadius:0.025]]
[2020.10.28-07.11.59:886][  0]LogConfig: Applying CVar settings from Section [TextureQuality@Cine] File [S:/AdversarialTesting/ver1/Saved/Config/Windows/Scalability.ini]
[2020.10.28-07.11.59:886][  0]LogConfig: Setting CVar [[r.Streaming.MipBias:0]]
[2020.10.28-07.11.59:886][  0]LogConfig: Setting CVar [[r.Streaming.AmortizeCPUToGPUCopy:0]]
[2020.10.28-07.11.59:886][  0]LogConfig: Setting CVar [[r.Streaming.MaxNumTexturesToStreamPerFrame:0]]
[2020.10.28-07.11.59:886][  0]LogConfig: Setting CVar [[r.Streaming.Boost:1]]
[2020.10.28-07.11.59:886][  0]LogConfig: Setting CVar [[r.MaxAnisotropy:8]]
[2020.10.28-07.11.59:886][  0]LogConfig: Setting CVar [[r.VT.MaxAnisotropy:8]]
[2020.10.28-07.11.59:886][  0]LogConfig: Setting CVar [[r.Streaming.LimitPoolSizeToVRAM:0]]
[2020.10.28-07.11.59:886][  0]LogConfig: Setting CVar [[r.Streaming.PoolSize:3000]]
[2020.10.28-07.11.59:886][  0]LogConfig: Setting CVar [[r.Streaming.MaxEffectiveScreenSize:0]]
[2020.10.28-07.11.59:886][  0]LogConfig: Applying CVar settings from Section [EffectsQuality@Cine] File [S:/AdversarialTesting/ver1/Saved/Config/Windows/Scalability.ini]
[2020.10.28-07.11.59:886][  0]LogConfig: Setting CVar [[r.TranslucencyLightingVolumeDim:64]]
[2020.10.28-07.11.59:886][  0]LogConfig: Setting CVar [[r.RefractionQuality:2]]
[2020.10.28-07.11.59:886][  0]LogConfig: Setting CVar [[r.SSR.Quality:4]]
[2020.10.28-07.11.59:886][  0]LogConfig: Setting CVar [[r.SSR.HalfResSceneColor:0]]
[2020.10.28-07.11.59:886][  0]LogConfig: Setting CVar [[r.SceneColorFormat:4]]
[2020.10.28-07.11.59:886][  0]LogConfig: Setting CVar [[r.DetailMode:2]]
[2020.10.28-07.11.59:887][  0]LogConfig: Setting CVar [[r.TranslucencyVolumeBlur:1]]
[2020.10.28-07.11.59:887][  0]LogConfig: Setting CVar [[r.MaterialQualityLevel:1 ; High quality]]
[2020.10.28-07.11.59:887][  0]LogConfig: Setting CVar [[r.SSS.Scale:1]]
[2020.10.28-07.11.59:887][  0]LogConfig: Setting CVar [[r.SSS.SampleSet:2]]
[2020.10.28-07.11.59:887][  0]LogConfig: Setting CVar [[r.SSS.Quality:1]]
[2020.10.28-07.11.59:887][  0]LogConfig: Setting CVar [[r.SSS.HalfRes:0]]
[2020.10.28-07.11.59:887][  0]LogConfig: Setting CVar [[r.SSGI.Quality:4]]
[2020.10.28-07.11.59:887][  0]LogConfig: Setting CVar [[r.EmitterSpawnRateScale:1.0]]
[2020.10.28-07.11.59:887][  0]LogConfig: Setting CVar [[r.ParticleLightQuality:2]]
[2020.10.28-07.11.59:887][  0]LogConfig: Setting CVar [[r.SkyAtmosphere.AerialPerspectiveLUT.FastApplyOnOpaque:0]]
[2020.10.28-07.11.59:887][  0]LogConfig: Setting CVar [[r.SkyAtmosphere.AerialPerspectiveLUT.SampleCountPerSlice:2]]
[2020.10.28-07.11.59:887][  0]LogConfig: Setting CVar [[r.SkyAtmosphere.AerialPerspectiveLUT.DepthResolution:32.0]]
[2020.10.28-07.11.59:887][  0]LogConfig: Setting CVar [[r.SkyAtmosphere.FastSkyLUT:0]]
[2020.10.28-07.11.59:887][  0]LogConfig: Setting CVar [[r.SkyAtmosphere.FastSkyLUT.SampleCountMin:4.0]]
[2020.10.28-07.11.59:887][  0]LogConfig: Setting CVar [[r.SkyAtmosphere.FastSkyLUT.SampleCountMax:32.0]]
[2020.10.28-07.11.59:887][  0]LogConfig: Setting CVar [[r.SkyAtmosphere.SampleCountMin:8.0]]
[2020.10.28-07.11.59:887][  0]LogConfig: Setting CVar [[r.SkyAtmosphere.SampleCountMax:32.0]]
[2020.10.28-07.11.59:887][  0]LogConfig: Setting CVar [[r.SkyAtmosphere.TransmittanceLUT.UseSmallFormat:0]]
[2020.10.28-07.11.59:887][  0]LogConfig: Setting CVar [[r.SkyAtmosphere.TransmittanceLUT.SampleCount:30.0]]
[2020.10.28-07.11.59:887][  0]LogConfig: Setting CVar [[r.SkyAtmosphere.MultiScatteringLUT.SampleCount:20.0]]
[2020.10.28-07.11.59:887][  0]LogConfig: Applying CVar settings from Section [FoliageQuality@Cine] File [S:/AdversarialTesting/ver1/Saved/Config/Windows/Scalability.ini]
[2020.10.28-07.11.59:887][  0]LogConfig: Setting CVar [[foliage.DensityScale:1.0]]
[2020.10.28-07.11.59:887][  0]LogConfig: Setting CVar [[grass.DensityScale:1.0]]
[2020.10.28-07.11.59:887][  0]LogConfig: Applying CVar settings from Section [ShadingQuality@Cine] File [S:/AdversarialTesting/ver1/Saved/Config/Windows/Scalability.ini]
[2020.10.28-07.11.59:887][  0]LogConfig: Setting CVar [[r.HairStrands.SkyLighting.SampleCount:64]]
[2020.10.28-07.11.59:887][  0]LogConfig: Setting CVar [[r.HairStrands.SkyLighting.JitterIntegration:1]]
[2020.10.28-07.11.59:887][  0]LogConfig: Setting CVar [[r.HairStrands.SkyAO.SampleCount:32]]
[2020.10.28-07.11.59:887][  0]LogConfig: Applying CVar settings from Section [Startup] File [../../../Engine/Config/ConsoleVariables.ini]
[2020.10.28-07.11.59:888][  0]LogConfig: Setting CVar [[net.UseAdaptiveNetUpdateFrequency:0]]
[2020.10.28-07.11.59:888][  0]LogConfig: Setting CVar [[p.chaos.AllowCreatePhysxBodies:1]]
[2020.10.28-07.11.59:888][  0]LogConfig: Applying CVar settings from Section [ConsoleVariables] File [S:/AdversarialTesting/ver1/Saved/Config/Windows/Engine.ini]
[2020.10.28-07.11.59:888][  0]LogInit: Computer: DESKTOP-4QFS06L
[2020.10.28-07.11.59:888][  0]LogInit: User: Sunil
[2020.10.28-07.11.59:888][  0]LogInit: CPU Page size=4096, Cores=6
[2020.10.28-07.11.59:888][  0]LogInit: High frequency timer resolution =10.000000 MHz
[2020.10.28-07.11.59:888][  0]LogMemory: Memory total: Physical=15.7GB (16GB approx)
[2020.10.28-07.11.59:888][  0]LogMemory: Platform Memory Stats for Windows
[2020.10.28-07.11.59:888][  0]LogMemory: Process Physical Memory: 104.59 MB used, 104.59 MB peak
[2020.10.28-07.11.59:888][  0]LogMemory: Process Virtual Memory: 101.42 MB used, 101.42 MB peak
[2020.10.28-07.11.59:888][  0]LogMemory: Physical Memory: 7502.13 MB used,  8551.79 MB free, 16053.91 MB total
[2020.10.28-07.11.59:888][  0]LogMemory: Virtual Memory: 5173.77 MB used,  134212552.00 MB free, 134217728.00 MB total
[2020.10.28-07.11.59:892][  0]LogWindows: WindowsPlatformFeatures enabled
[2020.10.28-07.11.59:920][  0]LogInit: Using OS detected language (en-US).
[2020.10.28-07.11.59:920][  0]LogInit: Using OS detected locale (en-US).
[2020.10.28-07.11.59:921][  0]LogTextLocalizationManager: No specific localization for 'en-US' exists, so the 'en' localization will be used.
[2020.10.28-07.12.00:220][  0]LogInit: Setting process to per monitor DPI aware
[2020.10.28-07.12.00:256][  0]LogSlate: New Slate User Created.  User Index 0, Is Virtual User: 0
[2020.10.28-07.12.00:256][  0]LogSlate: Slate User Registered.  User Index 0, Is Virtual User: 0
[2020.10.28-07.12.00:429][  0]LogD3D12RHI: Aftermath initialized
[2020.10.28-07.12.00:429][  0]LogD3D12RHI: Loading WinPixEventRuntime.dll for PIX profiling (from ../../../Engine/Binaries/ThirdParty/Windows/DirectX/x64).
[2020.10.28-07.12.00:435][  0]LogHMD: Failed to initialize OpenVR with code 110
[2020.10.28-07.12.00:581][  0]LogD3D12RHI: Found D3D12 adapter 0: NVIDIA Quadro RTX 8000 (Max supported Feature Level 12_1)
[2020.10.28-07.12.00:581][  0]LogD3D12RHI: Adapter has 45662MB of dedicated video memory, 0MB of dedicated system memory, and 8026MB of shared system memory, 1 output[s]
[2020.10.28-07.12.00:609][  0]LogD3D12RHI: Found D3D12 adapter 1: Intel(R) UHD Graphics 630 (Max supported Feature Level 12_1)
[2020.10.28-07.12.00:609][  0]LogD3D12RHI: Adapter has 128MB of dedicated video memory, 0MB of dedicated system memory, and 8026MB of shared system memory, 1 output[s]
[2020.10.28-07.12.00:615][  0]LogD3D12RHI: Found D3D12 adapter 2: Microsoft Basic Render Driver (Max supported Feature Level 12_1)
[2020.10.28-07.12.00:615][  0]LogD3D12RHI: Adapter has 0MB of dedicated video memory, 0MB of dedicated system memory, and 8026MB of shared system memory, 0 output[s]
[2020.10.28-07.12.00:615][  0]LogD3D12RHI: Forcing D3D12.AsyncDeferredDeletion=0 as a workaround for a deadlock.
[2020.10.28-07.12.00:615][  0]LogD3D12RHI: Chosen D3D12 Adapter Id = 0
[2020.10.28-07.12.00:625][  0]LogD3D12RHI: Emitting draw events for PIX profiling.
[2020.10.28-07.12.00:724][  0]LogD3D12RHI: The system supports ID3D12Device1.
[2020.10.28-07.12.00:724][  0]LogD3D12RHI: The system supports ID3D12Device2.
[2020.10.28-07.12.00:861][  0]LogD3D12RHI: Display: Not using pipeline state disk cache per r.D3D12.PSO.DiskCache=0
[2020.10.28-07.12.00:861][  0]LogD3D12RHI: Display: Not using driver-optimized pipeline state disk cache per r.D3D12.PSO.DriverOptimizedDiskCache=0
[2020.10.28-07.12.00:863][  0]LogD3D12RHI:     GPU DeviceId: 0x1e30 (for the marketing name, search the web for "GPU Device Id")
[2020.10.28-07.12.00:863][  0]LogWindows: EnumDisplayDevices:
[2020.10.28-07.12.00:863][  0]LogWindows:    0. 'Intel(R) UHD Graphics 630' (P:0 D:1)
[2020.10.28-07.12.00:863][  0]LogWindows:    1. 'Intel(R) UHD Graphics 630' (P:0 D:0)
[2020.10.28-07.12.00:864][  0]LogWindows:    2. 'Intel(R) UHD Graphics 630' (P:0 D:0)
[2020.10.28-07.12.00:864][  0]LogWindows:    3. 'NVIDIA Quadro RTX 8000' (P:1 D:1)
[2020.10.28-07.12.00:864][  0]LogWindows:    4. 'NVIDIA Quadro RTX 8000' (P:0 D:0)
[2020.10.28-07.12.00:865][  0]LogWindows:    5. 'NVIDIA Quadro RTX 8000' (P:0 D:0)
[2020.10.28-07.12.00:865][  0]LogWindows:    6. 'NVIDIA Quadro RTX 8000' (P:0 D:0)
[2020.10.28-07.12.00:865][  0]LogWindows: DebugString: PrimaryIsNotTheChoosenAdapter PrimaryIsNotTheChoosenAdapter PrimaryIsNotTheChoosenAdapter FoundDriverCount:4 
[2020.10.28-07.12.00:865][  0]LogD3D12RHI:     Adapter Name: NVIDIA Quadro RTX 8000
[2020.10.28-07.12.00:865][  0]LogD3D12RHI:   Driver Version: 412.16 (internal:24.21.14.1216, unified:412.16)
[2020.10.28-07.12.00:865][  0]LogD3D12RHI:      Driver Date: 12-17-2018
[2020.10.28-07.12.00:865][  0]LogRHI: Texture pool is 24452 MB (70% of 34932 MB)
[2020.10.28-07.12.00:865][  0]LogD3D12RHI: Async texture creation enabled
[2020.10.28-07.12.00:865][  0]LogD3D12RHI: RHI has support for 64 bit atomics
[2020.10.28-07.12.01:267][  0]LogTargetPlatformManager: Display: Loaded TargetPlatform 'AllDesktop'
[2020.10.28-07.12.01:321][  0]LogTargetPlatformManager: Display: Loaded TargetPlatform 'Android'
[2020.10.28-07.12.01:321][  0]LogTargetPlatformManager: Display: Loaded TargetPlatform 'Android_ASTC'
[2020.10.28-07.12.01:321][  0]LogTargetPlatformManager: Display: Loaded TargetPlatform 'Android_ATC'
[2020.10.28-07.12.01:322][  0]LogTargetPlatformManager: Display: Loaded TargetPlatform 'Android_DXT'
[2020.10.28-07.12.01:322][  0]LogTargetPlatformManager: Display: Loaded TargetPlatform 'Android_ETC1'
[2020.10.28-07.12.01:322][  0]LogTargetPlatformManager: Display: Loaded TargetPlatform 'Android_ETC1a'
[2020.10.28-07.12.01:322][  0]LogTargetPlatformManager: Display: Loaded TargetPlatform 'Android_ETC2'
[2020.10.28-07.12.01:322][  0]LogTargetPlatformManager: Display: Loaded TargetPlatform 'Android_PVRTC'
[2020.10.28-07.12.01:322][  0]LogTargetPlatformManager: Display: Loaded TargetPlatform 'AndroidClient'
[2020.10.28-07.12.01:322][  0]LogTargetPlatformManager: Display: Loaded TargetPlatform 'Android_ASTCClient'
[2020.10.28-07.12.01:322][  0]LogTargetPlatformManager: Display: Loaded TargetPlatform 'Android_ATCClient'
[2020.10.28-07.12.01:322][  0]LogTargetPlatformManager: Display: Loaded TargetPlatform 'Android_DXTClient'
[2020.10.28-07.12.01:322][  0]LogTargetPlatformManager: Display: Loaded TargetPlatform 'Android_ETC1Client'
[2020.10.28-07.12.01:322][  0]LogTargetPlatformManager: Display: Loaded TargetPlatform 'Android_ETC1aClient'
[2020.10.28-07.12.01:322][  0]LogTargetPlatformManager: Display: Loaded TargetPlatform 'Android_ETC2Client'
[2020.10.28-07.12.01:322][  0]LogTargetPlatformManager: Display: Loaded TargetPlatform 'Android_PVRTCClient'
[2020.10.28-07.12.01:322][  0]LogTargetPlatformManager: Display: Loaded TargetPlatform 'Android_Multi'
[2020.10.28-07.12.01:322][  0]LogTargetPlatformManager: Display: Loaded TargetPlatform 'Android_MultiClient'
[2020.10.28-07.12.01:351][  0]LogTargetPlatformManager: Display: Loaded TargetPlatform 'IOSClient'
[2020.10.28-07.12.01:351][  0]LogTargetPlatformManager: Display: Loaded TargetPlatform 'IOS'
[2020.10.28-07.12.01:363][  0]LogTargetPlatformManager: Display: Loaded TargetPlatform 'LinuxNoEditor'
[2020.10.28-07.12.01:375][  0]LogTargetPlatformManager: Display: Loaded TargetPlatform 'LinuxClient'
[2020.10.28-07.12.01:387][  0]LogTargetPlatformManager: Display: Loaded TargetPlatform 'LinuxServer'
[2020.10.28-07.12.01:398][  0]LogTargetPlatformManager: Display: Loaded TargetPlatform 'LinuxAArch64NoEditor'
[2020.10.28-07.12.01:410][  0]LogTargetPlatformManager: Display: Loaded TargetPlatform 'LinuxAArch64Client'
[2020.10.28-07.12.01:422][  0]LogTargetPlatformManager: Display: Loaded TargetPlatform 'LinuxAArch64Server'
[2020.10.28-07.12.01:465][  0]LogTargetPlatformManager: Display: Loaded TargetPlatform 'Lumin'
[2020.10.28-07.12.01:465][  0]LogTargetPlatformManager: Display: Loaded TargetPlatform 'LuminClient'
[2020.10.28-07.12.01:488][  0]LogTargetPlatformManager: Display: Loaded TargetPlatform 'TVOSClient'
[2020.10.28-07.12.01:488][  0]LogTargetPlatformManager: Display: Loaded TargetPlatform 'TVOS'
[2020.10.28-07.12.01:496][  0]LogTargetPlatformManager: Display: Loaded TargetPlatform 'WindowsNoEditor'
[2020.10.28-07.12.01:504][  0]LogTargetPlatformManager: Display: Loaded TargetPlatform 'Windows'
[2020.10.28-07.12.01:514][  0]LogTargetPlatformManager: Display: Loaded TargetPlatform 'WindowsClient'
[2020.10.28-07.12.01:525][  0]LogTargetPlatformManager: Display: Loaded TargetPlatform 'WindowsServer'
[2020.10.28-07.12.01:525][  0]LogTargetPlatformManager: Display: Building Assets For Windows
[2020.10.28-07.12.01:529][  0]LogAudioDebug: Display: Lib vorbis DLL was dynamically loaded.
[2020.10.28-07.12.01:561][  0]LogShaderCompilers: Guid format shader working directory is 19 characters bigger than the processId version (S:/AdversarialTesting/ver1/Intermediate/Shaders/WorkingDirectory/10876/).
[2020.10.28-07.12.01:561][  0]LogShaderCompilers: Cleaned the shader compiler working directory 'C:/Users/Sunil/AppData/Local/Temp/UnrealShaderWorkingDir/F3F7033444C1566768DC2288C3496B59/'.
[2020.10.28-07.12.01:562][  0]LogXGEController: Cannot use XGE Controller as Incredibuild is not installed on this machine.
[2020.10.28-07.12.01:562][  0]LogShaderCompilers: Cannot use XGE Shader Compiler as Incredibuild is not installed on this machine.
[2020.10.28-07.12.01:562][  0]LogShaderCompilers: Display: Using Local Shader Compiler.
[2020.10.28-07.12.02:676][  0]LogDerivedDataCache: Display: Max Cache Size: 512 MB
[2020.10.28-07.12.02:825][  0]LogDerivedDataCache: Loaded boot cache 0.15s 112MB C:/Users/Sunil/AppData/Local/UnrealEngine/4.24/DerivedDataCache/Boot.ddc.
[2020.10.28-07.12.02:825][  0]LogDerivedDataCache: Display: Loaded Boot cache: C:/Users/Sunil/AppData/Local/UnrealEngine/4.24/DerivedDataCache/Boot.ddc
[2020.10.28-07.12.02:825][  0]LogDerivedDataCache: FDerivedDataBackendGraph:  Pak pak cache file S:/AdversarialTesting/ver1/DerivedDataCache/DDC.ddp not found, will not use a pak cache.
[2020.10.28-07.12.02:825][  0]LogDerivedDataCache: Unable to find inner node Pak for hierarchical cache Hierarchy.
[2020.10.28-07.12.02:825][  0]LogDerivedDataCache: FDerivedDataBackendGraph:  CompressedPak pak cache file S:/AdversarialTesting/ver1/DerivedDataCache/Compressed.ddp not found, will not use a pak cache.
[2020.10.28-07.12.02:825][  0]LogDerivedDataCache: Unable to find inner node CompressedPak for hierarchical cache Hierarchy.
[2020.10.28-07.12.02:841][  0]LogDerivedDataCache: Display: Pak cache opened for reading ../../../Engine/DerivedDataCache/Compressed.ddp.
[2020.10.28-07.12.02:841][  0]LogDerivedDataCache: FDerivedDataBackendGraph:  EnterprisePak pak cache file ../../../Enterprise/DerivedDataCache/Compressed.ddp not found, will not use a pak cache.
[2020.10.28-07.12.02:841][  0]LogDerivedDataCache: Unable to find inner node EnterprisePak for hierarchical cache Hierarchy.
[2020.10.28-07.12.02:843][  0]LogDerivedDataCache: Using Local data cache path C:/Users/Sunil/AppData/Local/UnrealEngine/Common/DerivedDataCache: Writable
[2020.10.28-07.12.02:843][  0]LogDerivedDataCache: Shared data cache path not found in *engine.ini, will not use an Shared cache.
[2020.10.28-07.12.02:843][  0]LogDerivedDataCache: Unable to find inner node Shared for hierarchical cache Hierarchy.
[2020.10.28-07.12.02:896][  0]LogMaterial: Verifying Global Shaders for PCD3D_SM5
[2020.10.28-07.12.02:899][  0]LogSlate: Using FreeType 2.10.0
[2020.10.28-07.12.02:899][  0]LogSlate: SlateFontServices - WITH_FREETYPE: 1, WITH_HARFBUZZ: 1
[2020.10.28-07.12.02:957][  0]LogAssetRegistry: FAssetRegistry took 0.0041 seconds to start up
[2020.10.28-07.12.03:461][  0]LogInit: Selected Device Profile: [Windows]
[2020.10.28-07.12.03:727][  0]LogMeshReduction: Using QuadricMeshReduction for automatic static mesh reduction
[2020.10.28-07.12.03:727][  0]LogMeshReduction: Using SimplygonMeshReduction for automatic skeletal mesh reduction
[2020.10.28-07.12.03:727][  0]LogMeshReduction: Using ProxyLODMeshReduction for automatic mesh merging
[2020.10.28-07.12.03:727][  0]LogMeshReduction: No distributed automatic mesh merging module available
[2020.10.28-07.12.03:727][  0]LogMeshMerging: No distributed automatic mesh merging module available
[2020.10.28-07.12.03:749][  0]LogNetVersion: ver1 1.0.0, NetCL: 10570792, EngineNetVer: 13, GameNetVer: 0 (Checksum: 3054688066)
[2020.10.28-07.12.05:569][  0]LogPackageLocalizationCache: Processed 10 localized package path(s) for 1 prioritized culture(s) in 0.061806 seconds
[2020.10.28-07.12.05:584][  0]LogUObjectArray: 46750 objects as part of root set at end of initial load.
[2020.10.28-07.12.05:584][  0]LogUObjectAllocator: 8137160 out of 0 bytes used by permanent object pool.
[2020.10.28-07.12.05:584][  0]LogUObjectArray: CloseDisregardForGC: 0/0 objects in disregard for GC pool
[2020.10.28-07.12.06:281][  0]LogTcpMessaging: Initializing TcpMessaging bridge
[2020.10.28-07.12.06:286][  0]LogUdpMessaging: Initializing bridge on interface 0.0.0.0:0 to multicast group 230.0.0.1:6666.
[2020.10.28-07.12.06:319][  0]LogMaterial: Display: Missing cached shader map for material DefaultMaterial, compiling. 
[2020.10.28-07.12.06:552][  0]LogShaderCompilers: Display: Worker (1/9): shaders left to compile 104
[2020.10.28-07.12.06:552][  0]LogShaderCompilers: Display: Worker (2/9): shaders left to compile 94
[2020.10.28-07.12.06:552][  0]LogShaderCompilers: Display: Worker (3/9): shaders left to compile 84
[2020.10.28-07.12.06:552][  0]LogShaderCompilers: Display: Worker (4/9): shaders left to compile 74
[2020.10.28-07.12.06:552][  0]LogShaderCompilers: Display: Worker (5/9): shaders left to compile 64
[2020.10.28-07.12.06:552][  0]LogShaderCompilers: Display: Worker (6/9): shaders left to compile 54
[2020.10.28-07.12.06:552][  0]LogShaderCompilers: Display: Worker (7/9): shaders left to compile 44
[2020.10.28-07.12.06:552][  0]LogShaderCompilers: Display: Worker (8/9): shaders left to compile 34
[2020.10.28-07.12.06:552][  0]LogShaderCompilers: Display: Worker (9/9): shaders left to compile 24
[2020.10.28-07.12.06:552][  0]SourceControl: Source control is disabled
[2020.10.28-07.12.06:552][  0]SourceControl: Source control is disabled
[2020.10.28-07.12.06:554][  0]SourceControl: Source control is disabled
[2020.10.28-07.12.06:555][  0]SourceControl: Source control is disabled
[2020.10.28-07.12.06:556][  0]SourceControl: Source control is disabled
[2020.10.28-07.12.06:675][  0]LogAndroidPermission: UAndroidPermissionCallbackProxy::GetInstance
[2020.10.28-07.12.06:691][  0]LogAudioCaptureCore: Display: No Audio Capture implementations found. Audio input will be silent.
[2020.10.28-07.12.06:691][  0]LogAudioCaptureCore: Display: No Audio Capture implementations found. Audio input will be silent.
[2020.10.28-07.12.06:797][  0]LogMaterial: Display: Missing cached shader map for material OculusMR_ChromaKey_Lit, compiling. 
[2020.10.28-07.12.06:900][  0]LogMaterial: Display: Missing cached shader map for material OculusMR_OpaqueColoredMaterial, compiling. 
[2020.10.28-07.12.06:915][  0]LogOcInput: OculusInput pre-init called
[2020.10.28-07.12.06:928][  0]LogWindows: Failed to load 'OVRPlugin.dll' (GetLastError=126)
[2020.10.28-07.12.06:928][  0]LogWindows: File 'OVRPlugin.dll' does not exist
[2020.10.28-07.12.07:039][  0]LogEngine: Initializing Engine...
[2020.10.28-07.12.07:040][  0]LogHMD: Failed to initialize OpenVR with code 110
[2020.10.28-07.12.07:042][  0]LogStats: UGameplayTagsManager::InitializeManager -  0.000 s
[2020.10.28-07.12.07:057][  0]LogMaterial: Display: Missing cached shader map for material HairDebugMaterial, compiling. Is special engine material.
[2020.10.28-07.12.07:353][  0]LogMaterial: Display: Missing cached shader map for material LevelColorationLitMaterial, compiling. Is special engine material.
[2020.10.28-07.12.07:779][  0]LogMaterial: Display: Missing cached shader map for material LevelColorationUnlitMaterial, compiling. Is special engine material.
[2020.10.28-07.12.07:972][  0]LogMaterial: Display: Missing cached shader map for material MAT_LevelColorationLitLightmapUV, compiling. Is special engine material.
[2020.10.28-07.12.08:390][  0]LogMaterial: Display: Missing cached shader map for material ShadedLevelColorationLitMaterial, compiling. Is special engine material.
[2020.10.28-07.12.08:813][  0]LogMaterial: Display: Missing cached shader map for material ShadedLevelColorationUnlitMateri, compiling. Is special engine material.
[2020.10.28-07.12.09:012][  0]LogMaterial: Display: Missing cached shader map for material VertexColorMaterial, compiling. 
[2020.10.28-07.12.09:111][  0]LogMaterial: Display: Missing cached shader map for material VertexColorViewMode_ColorOnly, compiling. 
[2020.10.28-07.12.09:147][  0]LogMaterial: Display: Missing cached shader map for material VertexColorViewMode_AlphaAsColor, compiling. 
[2020.10.28-07.12.09:180][  0]LogMaterial: Display: Missing cached shader map for material VertexColorViewMode_RedOnly, compiling. 
[2020.10.28-07.12.09:211][  0]LogMaterial: Display: Missing cached shader map for material VertexColorViewMode_GreenOnly, compiling. 
[2020.10.28-07.12.09:242][  0]LogMaterial: Display: Missing cached shader map for material VertexColorViewMode_BlueOnly, compiling. 
[2020.10.28-07.12.09:275][  0]LogMaterial: Display: Missing cached shader map for material RemoveSurfaceMaterial, compiling. 
[2020.10.28-07.12.09:302][  0]LogMaterial: Display: Missing cached shader map for material HairDefaultMaterial, compiling. Is special engine material.
[2020.10.28-07.12.09:787][  0]LogMaterial: Display: Missing cached shader map for material DebugMeshMaterial, compiling. 
[2020.10.28-07.12.09:813][  0]LogMaterial: Display: Missing cached shader map for material EmissiveMeshMaterial, compiling. 
[2020.10.28-07.12.09:838][  0]LogMaterial: Display: Missing cached shader map for material M_InvalidLightmapSettings, compiling. 
[2020.10.28-07.12.09:877][  0]LogMaterial: Display: Missing cached shader map for material GizmoMaterial, compiling. 
[2020.10.28-07.12.09:902][  0]LogMaterial: Display: Missing cached shader map for material PhAT_JointLimitMaterial, compiling. 
[2020.10.28-07.12.09:927][  0]LogMaterial: Display: Missing cached shader map for material GeomMaterial, compiling. 
[2020.10.28-07.12.09:950][  0]LogMaterial: Display: Missing cached shader map for material EditorBrushMaterial, compiling. 
[2020.10.28-07.12.09:974][  0]LogMaterial: Display: Missing cached shader map for material BoneWeightMaterial, compiling. 
[2020.10.28-07.12.10:063][  0]LogMaterial: Display: Missing cached shader map for material ClothMaterial, compiling. 
[2020.10.28-07.12.10:090][  0]LogMaterial: Display: Missing cached shader map for material ClothMaterial_WF, compiling. 
[2020.10.28-07.12.10:117][  0]LogMaterial: Display: Missing cached shader map for material DebugEditorMaterial, compiling. 
[2020.10.28-07.12.10:142][  0]LogMaterial: Display: Missing cached shader map for material PreviewShadowIndicatorMaterial, compiling. 
[2020.10.28-07.12.10:223][  0]LogInit: Initializing FReadOnlyCVARCache
[2020.10.28-07.12.10:232][  0]LogAIModule: Creating AISystem for world Untitled
[2020.10.28-07.12.10:566][  0]LogAudioMixer: Display: Audio Mixer Platform Settings:
[2020.10.28-07.12.10:566][  0]LogAudioMixer: Display: 	Sample Rate:						  48000
[2020.10.28-07.12.10:566][  0]LogAudioMixer: Display: 	Callback Buffer Frame Size Requested: 1024
[2020.10.28-07.12.10:566][  0]LogAudioMixer: Display: 	Callback Buffer Frame Size To Use:	  1024
[2020.10.28-07.12.10:566][  0]LogAudioMixer: Display: 	Number of buffers to queue:			  2
[2020.10.28-07.12.10:566][  0]LogAudioMixer: Display: 	Max Channels (voices):				  32
[2020.10.28-07.12.10:566][  0]LogAudioMixer: Display: 	Number of Async Source Workers:		  0
[2020.10.28-07.12.10:566][  0]LogAudio: Display: AudioDevice MaxSources: 32
[2020.10.28-07.12.10:567][  0]LogAudio: Display: Using built-in audio occlusion.
[2020.10.28-07.12.10:567][  0]LogAudioMixer: Display: Initializing audio mixer.
[2020.10.28-07.12.10:622][  0]LogAudioMixer: Display: Audio Device Output Speaker Info:
[2020.10.28-07.12.10:622][  0]LogAudioMixer: Display: Name: Speakers (Realtek High Definition Audio)
[2020.10.28-07.12.10:622][  0]LogAudioMixer: Display: Is Default: Yes
[2020.10.28-07.12.10:622][  0]LogAudioMixer: Display: Sample Rate: 48000
[2020.10.28-07.12.10:622][  0]LogAudioMixer: Display: Channel Count Used: 2
[2020.10.28-07.12.10:622][  0]LogAudioMixer: Display: Device Channel Count: 2
[2020.10.28-07.12.10:622][  0]LogAudioMixer: Display: Channel Order:
[2020.10.28-07.12.10:622][  0]LogAudioMixer: Display: 0: FrontLeft
[2020.10.28-07.12.10:622][  0]LogAudioMixer: Display: 1: FrontRight
[2020.10.28-07.12.10:661][  0]LogAudioMixer: Display: Using Audio Device Speakers (Realtek High Definition Audio)
[2020.10.28-07.12.10:669][  0]LogInit: FAudioDevice initialized.
[2020.10.28-07.12.10:670][  0]LogNetVersion: Set ProjectVersion to 1.0.0.0. Version Checksum will be recalculated on next use.
[2020.10.28-07.12.10:792][  0]LogDerivedDataCache: Saved boot cache 0.12s 117MB C:/Users/Sunil/AppData/Local/UnrealEngine/4.24/DerivedDataCache/Boot.ddc.
[2020.10.28-07.12.10:801][  0]LogInit: Texture streaming: Enabled
[2020.10.28-07.12.10:815][  0]LogEngineSessionManager: EngineSessionManager initialized
[2020.10.28-07.12.10:815][  0]LogEditorSessionSummary: Verbose: Initializing EditorSessionSummaryWriter for editor session tracking
[2020.10.28-07.12.10:817][  0]LogEditorSessionSummary: EditorSessionSummaryWriter initialized
[2020.10.28-07.12.10:853][  0]LogInit: Transaction tracking system initialized
[2020.10.28-07.12.10:868][  0]BlueprintLog: New page: Editor Load
[2020.10.28-07.12.10:912][  0]LocalizationService: Localization service is disabled
[2020.10.28-07.12.11:012][  0]LogShaderCompilers: Display: Worker (5/9): shaders left to compile 5176
[2020.10.28-07.12.11:012][  0]LogShaderCompilers: Display: Worker (7/9): shaders left to compile 5166
[2020.10.28-07.12.11:012][  0]LogMaterial: Display: Missing cached shader map for material Cross_Mat, compiling. 
[2020.10.28-07.12.11:037][  0]LogMaterial: Display: Missing cached shader map for material PhAT_BoneSelectedMaterial, compiling. 
[2020.10.28-07.12.11:058][  0]LogMaterial: Display: Missing cached shader map for material PhAT_ElemSelectedMaterial, compiling. 
[2020.10.28-07.12.11:079][  0]LogMaterial: Display: Missing cached shader map for material PhAT_NoCollisionMaterial, compiling. 
[2020.10.28-07.12.11:101][  0]LogMaterial: Display: Missing cached shader map for material PhAT_UnselectedMaterial, compiling. 
[2020.10.28-07.12.11:123][  0]LogShaderCompilers: Display: Worker (1/9): shaders left to compile 5217
[2020.10.28-07.12.11:123][  0]LogMaterial: Display: Missing cached shader map for material Tick_Mat, compiling. 
[2020.10.28-07.12.11:151][  0]LogMaterial: Display: Missing cached shader map for material WidgetGridVertexColorMaterial_Ma, compiling. 
[2020.10.28-07.12.11:174][  0]LogMaterial: Display: Missing cached shader map for material WidgetMaterial, compiling. 
[2020.10.28-07.12.11:195][  0]LogShaderCompilers: Display: Worker (9/9): shaders left to compile 5258
[2020.10.28-07.12.11:195][  0]LogMaterial: Display: Missing cached shader map for material WidgetMaterial_Current, compiling. 
[2020.10.28-07.12.11:217][  0]LogMaterial: Display: Missing cached shader map for material WidgetMaterial_X, compiling. 
[2020.10.28-07.12.11:237][  0]LogShaderCompilers: Display: Worker (8/9): shaders left to compile 5281
[2020.10.28-07.12.11:237][  0]LogMaterial: Display: Missing cached shader map for material WidgetMaterial_Y, compiling. 
[2020.10.28-07.12.11:259][  0]LogMaterial: Display: Missing cached shader map for material WidgetMaterial_Z, compiling. 
[2020.10.28-07.12.11:280][  0]LogMaterial: Display: Missing cached shader map for material WidgetVertexColorMaterial, compiling. 
[2020.10.28-07.12.11:324][  0]LogMaterial: Display: Missing cached shader map for material LevelGridMaterial, compiling. 
[2020.10.28-07.12.11:371][  0]LogMaterial: Display: Missing cached shader map for material BlinkingCaret, compiling. 
[2020.10.28-07.12.11:411][  0]LogMaterial: Display: Missing cached shader map for material M_StreamingPause, compiling. 
[2020.10.28-07.12.11:458][  0]LogFileCache: Scanning file cache for directory 'S:/AdversarialTesting/ver1/Content/' took 0.02s
[2020.10.28-07.12.11:458][  0]LogCook: Display: Max memory allowance for cook 16384mb min free memory 0mb
[2020.10.28-07.12.11:458][  0]LogCook: Display: Mobile HDR setting 1
[2020.10.28-07.12.11:587][  0]LogShaderCompilers: Display: Worker (2/9): shaders left to compile 5356
[2020.10.28-07.12.12:364][  0]LogShaderCompilers: Display: Worker (6/9): shaders left to compile 5346
[2020.10.28-07.12.12:364][  0]LogShaderCompilers: Display: Worker (4/9): shaders left to compile 5336
[2020.10.28-07.12.12:465][  0]SourceControl: Source control is disabled
[2020.10.28-07.12.12:465][  0]Cmd: MAP LOAD FILE="../../../Engine/Content/Maps/Templates/Template_Default.umap" TEMPLATE=1 SHOWPROGRESS=1 FEATURELEVEL=3
[2020.10.28-07.12.12:465][  0]LightingResults: New page: Lighting Build
[2020.10.28-07.12.12:467][  0]LogWorld: UWorld::CleanupWorld for Untitled, bSessionEnded=true, bCleanupResources=true
[2020.10.28-07.12.12:467][  0]LogSlate: InvalidateAllWidgets triggered.  All widgets were invalidated
[2020.10.28-07.12.12:467][  0]MapCheck: New page: Map Check
[2020.10.28-07.12.12:467][  0]LightingResults: New page: Lighting Build
[2020.10.28-07.12.12:508][  0]LogUObjectHash: Compacting FUObjectHashTables data took   3.61ms
[2020.10.28-07.12.12:630][  0]LogShaderCompilers: Display: Worker (3/9): shaders left to compile 5326
[2020.10.28-07.12.12:630][  0]LogMaterial: Display: Missing cached shader map for material M_Sky_Panning_Clouds2, compiling. 
[2020.10.28-07.12.12:648][  0]LogAIModule: Creating AISystem for world Untitled_1
[2020.10.28-07.12.12:653][  0]LogEditorServer: Finished looking for orphan Actors (0.000 secs)
[2020.10.28-07.12.12:731][  0]LogUObjectHash: Compacting FUObjectHashTables data took   4.34ms
[2020.10.28-07.12.12:731][  0]Cmd: MAP CHECKDEP NOCLEARLOG
[2020.10.28-07.12.12:731][  0]MapCheck: Map check complete: 0 Error(s), 0 Warning(s), took 0.133ms to complete.
[2020.10.28-07.12.12:731][  0]LogFileHelpers: Loading map 'Template_Default' took 0.267
[2020.10.28-07.12.12:896][  0]LogSlate: Updating window title bar state: overlay mode, drag disabled, window buttons hidden, title bar hidden
[2020.10.28-07.12.12:907][  0]LogSlate: Updating window title bar state: overlay mode, drag disabled, window buttons hidden, title bar hidden
[2020.10.28-07.12.12:919][  0]LogSlate: Updating window title bar state: overlay mode, drag disabled, window buttons hidden, title bar hidden
[2020.10.28-07.12.12:931][  0]LogSlate: Updating window title bar state: overlay mode, drag disabled, window buttons hidden, title bar hidden
[2020.10.28-07.12.12:938][  0]LogCollectionManager: Loaded 0 collections in 0.003387 seconds
[2020.10.28-07.12.12:960][  0]LogFileCache: Scanning file cache for directory 'S:/AdversarialTesting/ver1/Saved/Collections/' took 0.00s
[2020.10.28-07.12.12:960][  0]LogFileCache: Scanning file cache for directory 'S:/AdversarialTesting/ver1/Content/Developers/Sunil/Collections/' took 0.00s
[2020.10.28-07.12.12:960][  0]LogFileCache: Scanning file cache for directory 'S:/AdversarialTesting/ver1/Content/Collections/' took 0.00s
[2020.10.28-07.12.12:960][  0]LogContentBrowser: Native class hierarchy populated in 0.0151 seconds. Added 3015 classes and 717 folders.
[2020.10.28-07.12.12:967][  0]LogContentBrowser: Native class hierarchy updated for 'WidgetCarousel' in 0.0004 seconds. Added 0 classes and 0 folders.
[2020.10.28-07.12.13:046][  0]LogContentBrowser: Native class hierarchy updated for 'AddContentDialog' in 0.0004 seconds. Added 0 classes and 0 folders.
[2020.10.28-07.12.13:052][  0]LogContentBrowser: Native class hierarchy updated for 'SceneOutliner' in 0.0004 seconds. Added 2 classes and 3 folders.
[2020.10.28-07.12.13:385][  0]LogSlate: Took 0.000239 seconds to synchronously load lazily loaded font '../../../Engine/Content/Slate/Fonts/Roboto-Regular.ttf' (155K)
[2020.10.28-07.12.13:387][  0]LogSlate: Took 0.000311 seconds to synchronously load lazily loaded font '../../../Engine/Content/Slate/Fonts/Roboto-Bold.ttf' (160K)
[2020.10.28-07.12.13:395][  0]LogSlate: Took 0.000253 seconds to synchronously load lazily loaded font '../../../Engine/Content/Editor/Slate/Fonts/FontAwesome.ttf' (139K)
[2020.10.28-07.12.13:467][  0]LogMaterial: Display: Missing cached shader map for material LevelGridMaterial2, compiling. 
[2020.10.28-07.12.13:533][  0]LogRenderer: Reallocating scene render targets to support 992x592 Format 10 NumSamples 1 (Frame:1).
[2020.10.28-07.12.14:230][  0]LogShaderCompilers: Display: Worker (6/9): shaders left to compile 5347
[2020.10.28-07.12.14:230][  0]LogShaderCompilers: Display: Worker (2/9): shaders left to compile 5337
[2020.10.28-07.12.14:236][  0]LogContentBrowser: Native class hierarchy updated for 'HierarchicalLODOutliner' in 0.0006 seconds. Added 0 classes and 0 folders.
[2020.10.28-07.12.14:236][  0]LogLoad: (Engine Initialization) Total time: 16.38 seconds
[2020.10.28-07.12.14:236][  0]LogLoad: (Engine Initialization) Total Blueprint compile time: 0.00 seconds
[2020.10.28-07.12.14:305][  0]LogContentStreaming: Texture pool size now 3000 MB
[2020.10.28-07.12.14:321][  0]LogSlate: Took 0.000204 seconds to synchronously load lazily loaded font '../../../Engine/Content/Slate/Fonts/Roboto-Light.ttf' (167K)
[2020.10.28-07.12.14:361][  1]LogAssetRegistry: Asset discovery search completed in 11.4055 seconds
[2020.10.28-07.12.14:369][  1]LogCollectionManager: Fixed up redirectors for 0 collections in 0.000012 seconds (updated 0 objects)
[2020.10.28-07.12.15:406][ 58]LogShaderCompilers: Display: Worker (7/9): shaders left to compile 5327
[2020.10.28-07.12.15:657][ 61]LogShaderCompilers: Display: Worker (5/9): shaders left to compile 5317
[2020.10.28-07.12.15:707][ 62]LogShaderCompilers: Display: Worker (3/9): shaders left to compile 5307
[2020.10.28-07.12.15:774][ 63]LogShaderCompilers: Display: Worker (4/9): shaders left to compile 5297
[2020.10.28-07.12.17:534][187]LogShaderCompilers: Display: Worker (2/9): shaders left to compile 5287
[2020.10.28-07.12.18:089][227]LogShaderCompilers: Display: Worker (6/9): shaders left to compile 5277
[2020.10.28-07.12.18:459][254]LogShaderCompilers: Display: Worker (4/9): shaders left to compile 5267
[2020.10.28-07.12.18:528][259]LogShaderCompilers: Display: Worker (5/9): shaders left to compile 5257
[2020.10.28-07.12.19:226][299]LogShaderCompilers: Display: Worker (3/9): shaders left to compile 5247
[2020.10.28-07.12.19:688][331]LogShaderCompilers: Display: Worker (7/9): shaders left to compile 5237
[2020.10.28-07.12.21:054][423]LogShaderCompilers: Display: Worker (2/9): shaders left to compile 5227
[2020.10.28-07.12.21:054][423]LogShaderCompilers: Display: Worker (6/9): shaders left to compile 5217
[2020.10.28-07.12.21:876][468]LogShaderCompilers: Display: Worker (3/9): shaders left to compile 5207
[2020.10.28-07.12.22:393][502]LogShaderCompilers: Display: Worker (4/9): shaders left to compile 5197
[2020.10.28-07.12.22:884][537]LogShaderCompilers: Display: Worker (5/9): shaders left to compile 5187
[2020.10.28-07.12.22:937][541]LogShaderCompilers: Display: Worker (7/9): shaders left to compile 5177
[2020.10.28-07.12.24:902][678]LogShaderCompilers: Display: Worker (2/9): shaders left to compile 5167
[2020.10.28-07.12.25:141][695]LogShaderCompilers: Display: Worker (6/9): shaders left to compile 5157
[2020.10.28-07.12.25:890][741]LogShaderCompilers: Display: Worker (7/9): shaders left to compile 5147
[2020.10.28-07.12.26:653][793]LogShaderCompilers: Display: Worker (4/9): shaders left to compile 5137
[2020.10.28-07.12.26:722][798]LogShaderCompilers: Display: Worker (3/9): shaders left to compile 5127
[2020.10.28-07.12.28:067][892]LogShaderCompilers: Display: Worker (5/9): shaders left to compile 5117
[2020.10.28-07.12.28:067][892]LogShaderCompilers: Display: Worker (6/9): shaders left to compile 5107
[2020.10.28-07.12.28:727][939]LogShaderCompilers: Display: Worker (2/9): shaders left to compile 5097
[2020.10.28-07.12.28:909][952]LogShaderCompilers: Display: Worker (7/9): shaders left to compile 5087
[2020.10.28-07.12.29:927][ 20]LogShaderCompilers: Display: Worker (3/9): shaders left to compile 5077
[2020.10.28-07.12.30:274][ 42]LogShaderCompilers: Display: Worker (4/9): shaders left to compile 5067
[2020.10.28-07.12.30:861][107]LogShaderCompilers: Display: Worker (6/9): shaders left to compile 5057
[2020.10.28-07.12.31:961][229]LogShaderCompilers: Display: Worker (5/9): shaders left to compile 5047
[2020.10.28-07.12.32:151][250]LogShaderCompilers: Display: Worker (7/9): shaders left to compile 5037
[2020.10.28-07.12.32:635][299]LogShaderCompilers: Display: Worker (2/9): shaders left to compile 5027
[2020.10.28-07.12.33:098][349]LogShaderCompilers: Display: Worker (4/9): shaders left to compile 5017
[2020.10.28-07.12.33:685][413]LogShaderCompilers: Display: Worker (3/9): shaders left to compile 5007
[2020.10.28-07.12.34:116][455]LogShaderCompilers: Display: Worker (6/9): shaders left to compile 4997
[2020.10.28-07.12.35:274][584]LogShaderCompilers: Display: Worker (7/9): shaders left to compile 4987
[2020.10.28-07.12.35:578][619]LogShaderCompilers: Display: Worker (5/9): shaders left to compile 4977
[2020.10.28-07.12.36:325][704]LogShaderCompilers: Display: Worker (4/9): shaders left to compile 4967
[2020.10.28-07.12.36:585][734]LogShaderCompilers: Display: Worker (2/9): shaders left to compile 4957
[2020.10.28-07.12.36:924][773]LogSlate: Window 'Sequencer' being destroyed
[2020.10.28-07.12.36:931][773]LogSlate: Window 'Sequencer' being destroyed
[2020.10.28-07.12.37:518][841]LogShaderCompilers: Display: Worker (3/9): shaders left to compile 4947
[2020.10.28-07.12.38:268][923]LogShaderCompilers: Display: Worker (7/9): shaders left to compile 4937
[2020.10.28-07.12.38:798][985]LogShaderCompilers: Display: Worker (6/9): shaders left to compile 4927
[2020.10.28-07.12.38:839][990]LogShaderCompilers: Display: Worker (5/9): shaders left to compile 4917
[2020.10.28-07.12.39:988][125]LogShaderCompilers: Display: Worker (4/9): shaders left to compile 4907
[2020.10.28-07.12.40:635][201]LogShaderCompilers: Display: Worker (2/9): shaders left to compile 4897
[2020.10.28-07.12.41:528][306]LogShaderCompilers: Display: Worker (7/9): shaders left to compile 4887
[2020.10.28-07.12.42:089][372]LogShaderCompilers: Display: Worker (3/9): shaders left to compile 4877
[2020.10.28-07.12.42:157][380]LogShaderCompilers: Display: Worker (6/9): shaders left to compile 4867
[2020.10.28-07.12.42:787][447]LogShaderCompilers: Display: Worker (5/9): shaders left to compile 4857
[2020.10.28-07.12.42:871][457]LogShaderCompilers: Display: Worker (4/9): shaders left to compile 4847
[2020.10.28-07.12.43:003][465]LogShaderCompilers: Display: Worker (8/9): shaders left to compile 4837
[2020.10.28-07.12.43:187][486]LogShaderCompilers: Display: Worker (2/9): shaders left to compile 4827
[2020.10.28-07.12.45:130][639]LogShaderCompilers: Display: Worker (3/9): shaders left to compile 4817
[2020.10.28-07.12.45:499][663]LogShaderCompilers: Display: Worker (6/9): shaders left to compile 4807
[2020.10.28-07.12.46:084][698]LogShaderCompilers: Display: Worker (4/9): shaders left to compile 4797
[2020.10.28-07.12.46:314][713]LogShaderCompilers: Display: Worker (7/9): shaders left to compile 4787
[2020.10.28-07.12.46:741][741]LogShaderCompilers: Display: Worker (8/9): shaders left to compile 4777
[2020.10.28-07.12.47:758][806]LogShaderCompilers: Display: Worker (3/9): shaders left to compile 4767
[2020.10.28-07.12.47:891][815]LogShaderCompilers: Display: Worker (5/9): shaders left to compile 4757
[2020.10.28-07.12.48:210][835]LogShaderCompilers: Display: Worker (7/9): shaders left to compile 4747
[2020.10.28-07.12.48:333][842]LogShaderCompilers: Display: Worker (2/9): shaders left to compile 4737
[2020.10.28-07.12.48:640][862]LogShaderCompilers: Display: Worker (6/9): shaders left to compile 4727
[2020.10.28-07.12.50:150][955]LogShaderCompilers: Display: Worker (8/9): shaders left to compile 4717
[2020.10.28-07.12.50:311][966]LogShaderCompilers: Display: Worker (5/9): shaders left to compile 4707
[2020.10.28-07.12.50:328][967]LogShaderCompilers: Display: Worker (1/9): shaders left to compile 4697
[2020.10.28-07.12.50:878][998]LogShaderCompilers: Display: Worker (4/9): shaders left to compile 4687
[2020.10.28-07.12.51:565][ 41]LogShaderCompilers: Display: Worker (2/9): shaders left to compile 4677
[2020.10.28-07.12.52:227][ 87]LogShaderCompilers: Display: Worker (3/9): shaders left to compile 4667
[2020.10.28-07.12.52:734][120]LogShaderCompilers: Display: Worker (1/9): shaders left to compile 4657
[2020.10.28-07.12.52:999][137]LogShaderCompilers: Display: Worker (7/9): shaders left to compile 4647
[2020.10.28-07.12.53:371][161]LogShaderCompilers: Display: Worker (6/9): shaders left to compile 4637
[2020.10.28-07.12.53:847][193]LogShaderCompilers: Display: Worker (4/9): shaders left to compile 4627
[2020.10.28-07.12.54:860][257]LogShaderCompilers: Display: Worker (5/9): shaders left to compile 4617
[2020.10.28-07.12.54:986][264]LogShaderCompilers: Display: Worker (2/9): shaders left to compile 4607
[2020.10.28-07.12.56:381][338]LogShaderCompilers: Display: Worker (7/9): shaders left to compile 4597
[2020.10.28-07.12.56:395][339]LogShaderCompilers: Display: Worker (8/9): shaders left to compile 4587
[2020.10.28-07.12.57:277][395]LogShaderCompilers: Display: Worker (1/9): shaders left to compile 4577
[2020.10.28-07.12.57:537][412]LogShaderCompilers: Display: Worker (3/9): shaders left to compile 4567
[2020.10.28-07.12.57:648][419]LogShaderCompilers: Display: Worker (6/9): shaders left to compile 4557
[2020.10.28-07.12.58:431][464]LogShaderCompilers: Display: Worker (5/9): shaders left to compile 4547
[2020.10.28-07.12.58:869][494]LogShaderCompilers: Display: Worker (8/9): shaders left to compile 4537
[2020.10.28-07.12.58:996][503]LogShaderCompilers: Display: Worker (4/9): shaders left to compile 4527
[2020.10.28-07.12.59:904][567]LogShaderCompilers: Display: Worker (2/9): shaders left to compile 4517
[2020.10.28-07.13.00:009][573]LogShaderCompilers: Display: Worker (6/9): shaders left to compile 4507
[2020.10.28-07.13.01:388][658]LogShaderCompilers: Display: Worker (1/9): shaders left to compile 4497
[2020.10.28-07.13.01:511][668]LogShaderCompilers: Display: Worker (3/9): shaders left to compile 4487
[2020.10.28-07.13.01:535][670]LogShaderCompilers: Display: Worker (7/9): shaders left to compile 4477
[2020.10.28-07.13.01:664][680]LogShaderCompilers: Display: Worker (4/9): shaders left to compile 4467
[2020.10.28-07.13.02:397][731]LogShaderCompilers: Display: Worker (8/9): shaders left to compile 4457
[2020.10.28-07.13.02:937][771]LogShaderCompilers: Display: Worker (5/9): shaders left to compile 4447
[2020.10.28-07.13.03:272][790]LogShaderCompilers: Display: Worker (6/9): shaders left to compile 4437
[2020.10.28-07.13.03:957][833]LogShaderCompilers: Display: Worker (1/9): shaders left to compile 4427
[2020.10.28-07.13.04:418][869]LogShaderCompilers: Display: Worker (7/9): shaders left to compile 4417
[2020.10.28-07.13.04:742][892]LogShaderCompilers: Display: Worker (2/9): shaders left to compile 4407
[2020.10.28-07.13.04:769][894]LogShaderCompilers: Display: Worker (4/9): shaders left to compile 4397
[2020.10.28-07.13.05:734][961]LogShaderCompilers: Display: Worker (6/9): shaders left to compile 4387
[2020.10.28-07.13.06:224][995]LogShaderCompilers: Display: Worker (1/9): shaders left to compile 4377
[2020.10.28-07.13.06:327][  3]LogShaderCompilers: Display: Worker (3/9): shaders left to compile 4367
[2020.10.28-07.13.06:362][  6]LogShaderCompilers: Display: Worker (5/9): shaders left to compile 4357
[2020.10.28-07.13.06:852][ 41]LogShaderCompilers: Display: Worker (8/9): shaders left to compile 4347
[2020.10.28-07.13.07:912][118]LogShaderCompilers: Display: Worker (4/9): shaders left to compile 4337
[2020.10.28-07.13.07:974][123]LogShaderCompilers: Display: Worker (6/9): shaders left to compile 4327
[2020.10.28-07.13.08:593][169]LogShaderCompilers: Display: Worker (7/9): shaders left to compile 4317
[2020.10.28-07.13.08:853][184]LogShaderCompilers: Display: Worker (5/9): shaders left to compile 4307
[2020.10.28-07.13.09:386][220]LogShaderCompilers: Display: Worker (2/9): shaders left to compile 4297
[2020.10.28-07.13.09:567][233]LogShaderCompilers: Display: Worker (1/9): shaders left to compile 4287
[2020.10.28-07.13.09:769][248]LogShaderCompilers: Display: Worker (8/9): shaders left to compile 4277
[2020.10.28-07.13.10:674][312]LogShaderCompilers: Display: Worker (3/9): shaders left to compile 4267
[2020.10.28-07.13.10:727][316]LogShaderCompilers: Display: Worker (4/9): shaders left to compile 4257
[2020.10.28-07.13.11:436][366]LogShaderCompilers: Display: Worker (5/9): shaders left to compile 4247
[2020.10.28-07.13.11:826][394]LogShaderCompilers: Display: Worker (1/9): shaders left to compile 4237
[2020.10.28-07.13.12:913][476]LogShaderCompilers: Display: Worker (6/9): shaders left to compile 4227
[2020.10.28-07.13.13:294][504]LogShaderCompilers: Display: Worker (7/9): shaders left to compile 4217
[2020.10.28-07.13.13:545][522]LogShaderCompilers: Display: Worker (4/9): shaders left to compile 4207
[2020.10.28-07.13.13:653][531]LogShaderCompilers: Display: Worker (2/9): shaders left to compile 4197
[2020.10.28-07.13.14:541][595]LogShaderCompilers: Display: Worker (8/9): shaders left to compile 4187
[2020.10.28-07.13.15:082][635]LogShaderCompilers: Display: Worker (1/9): shaders left to compile 4177
[2020.10.28-07.13.15:478][663]LogShaderCompilers: Display: Worker (5/9): shaders left to compile 4167
[2020.10.28-07.13.15:490][664]LogShaderCompilers: Display: Worker (3/9): shaders left to compile 4157
[2020.10.28-07.13.16:763][752]LogShaderCompilers: Display: Worker (2/9): shaders left to compile 4147
[2020.10.28-07.13.17:342][795]LogShaderCompilers: Display: Worker (4/9): shaders left to compile 4137
[2020.10.28-07.13.17:709][821]LogShaderCompilers: Display: Worker (6/9): shaders left to compile 4127
[2020.10.28-07.13.18:441][874]LogShaderCompilers: Display: Worker (7/9): shaders left to compile 4117
[2020.10.28-07.13.18:588][885]LogShaderCompilers: Display: Worker (8/9): shaders left to compile 4107
[2020.10.28-07.13.19:232][931]LogShaderCompilers: Display: Worker (1/9): shaders left to compile 4097
[2020.10.28-07.13.19:343][939]LogShaderCompilers: Display: Worker (4/9): shaders left to compile 4087
[2020.10.28-07.13.19:434][946]LogShaderCompilers: Display: Worker (2/9): shaders left to compile 4077
[2020.10.28-07.13.19:778][971]LogShaderCompilers: Display: Worker (3/9): shaders left to compile 4067
[2020.10.28-07.13.20:163][  1]LogShaderCompilers: Display: Worker (6/9): shaders left to compile 4057
[2020.10.28-07.13.20:480][ 24]LogShaderCompilers: Display: Worker (5/9): shaders left to compile 4047
[2020.10.28-07.13.20:932][ 43]LogShaderCompilers: Display: Worker (7/9): shaders left to compile 4037
[2020.10.28-07.13.21:550][ 90]LogShaderCompilers: Display: Worker (2/9): shaders left to compile 4027
[2020.10.28-07.13.21:738][102]LogShaderCompilers: Display: Worker (8/9): shaders left to compile 4017
[2020.10.28-07.13.21:854][111]LogShaderCompilers: Display: Worker (1/9): shaders left to compile 4007
[2020.10.28-07.13.22:177][136]LogShaderCompilers: Display: Worker (6/9): shaders left to compile 3997
[2020.10.28-07.13.22:231][140]LogShaderCompilers: Display: Worker (3/9): shaders left to compile 3987
[2020.10.28-07.13.22:349][149]LogShaderCompilers: Display: Worker (4/9): shaders left to compile 3977
[2020.10.28-07.13.23:024][202]LogShaderCompilers: Display: Worker (5/9): shaders left to compile 3967
[2020.10.28-07.13.23:735][255]LogShaderCompilers: Display: Worker (7/9): shaders left to compile 3957
[2020.10.28-07.13.24:465][309]LogShaderCompilers: Display: Worker (1/9): shaders left to compile 3947
[2020.10.28-07.13.24:535][313]LogShaderCompilers: Display: Worker (2/9): shaders left to compile 3937
[2020.10.28-07.13.24:564][315]LogShaderCompilers: Display: Worker (8/9): shaders left to compile 3927
[2020.10.28-07.13.25:035][348]LogShaderCompilers: Display: Worker (6/9): shaders left to compile 3917
[2020.10.28-07.13.25:047][349]LogShaderCompilers: Display: Worker (3/9): shaders left to compile 3907
[2020.10.28-07.13.26:223][435]LogShaderCompilers: Display: Worker (4/9): shaders left to compile 3897
[2020.10.28-07.13.26:334][444]LogShaderCompilers: Display: Worker (5/9): shaders left to compile 3887
[2020.10.28-07.13.26:769][477]LogShaderCompilers: Display: Worker (8/9): shaders left to compile 3877
[2020.10.28-07.13.26:891][486]LogShaderCompilers: Display: Worker (1/9): shaders left to compile 3867
[2020.10.28-07.13.27:328][519]LogShaderCompilers: Display: Worker (3/9): shaders left to compile 3857
[2020.10.28-07.13.27:496][531]LogShaderCompilers: Display: Worker (2/9): shaders left to compile 3847
[2020.10.28-07.13.27:496][531]LogShaderCompilers: Display: Worker (7/9): shaders left to compile 3837
[2020.10.28-07.13.27:782][554]LogShaderCompilers: Display: Worker (6/9): shaders left to compile 3827
[2020.10.28-07.13.28:542][607]LogShaderCompilers: Display: Worker (5/9): shaders left to compile 3817
[2020.10.28-07.13.29:036][643]LogShaderCompilers: Display: Worker (4/9): shaders left to compile 3807
[2020.10.28-07.13.29:334][664]LogShaderCompilers: Display: Worker (8/9): shaders left to compile 3797
[2020.10.28-07.13.29:391][668]LogShaderCompilers: Display: Worker (1/9): shaders left to compile 3787
[2020.10.28-07.13.29:577][681]LogShaderCompilers: Display: Worker (6/9): shaders left to compile 3777
[2020.10.28-07.13.29:771][695]LogShaderCompilers: Display: Worker (2/9): shaders left to compile 3767
[2020.10.28-07.13.29:896][704]LogShaderCompilers: Display: Worker (3/9): shaders left to compile 3757
[2020.10.28-07.13.30:099][718]LogShaderCompilers: Display: Worker (7/9): shaders left to compile 3747
[2020.10.28-07.13.31:007][787]LogShaderCompilers: Display: Worker (5/9): shaders left to compile 3737
[2020.10.28-07.13.31:612][832]LogShaderCompilers: Display: Worker (6/9): shaders left to compile 3727
[2020.10.28-07.13.31:645][834]LogShaderCompilers: Display: Worker (4/9): shaders left to compile 3717
[2020.10.28-07.13.31:810][846]LogShaderCompilers: Display: Worker (8/9): shaders left to compile 3707
[2020.10.28-07.13.32:550][899]LogShaderCompilers: Display: Worker (3/9): shaders left to compile 3697
[2020.10.28-07.13.32:564][900]LogShaderCompilers: Display: Worker (2/9): shaders left to compile 3687
[2020.10.28-07.13.32:645][907]LogShaderCompilers: Display: Worker (1/9): shaders left to compile 3677
[2020.10.28-07.13.33:370][955]LogShaderCompilers: Display: Worker (7/9): shaders left to compile 3667
[2020.10.28-07.13.34:188][ 18]LogShaderCompilers: Display: Worker (6/9): shaders left to compile 3657
[2020.10.28-07.13.34:447][ 37]LogShaderCompilers: Display: Worker (5/9): shaders left to compile 3647
[2020.10.28-07.13.34:460][ 38]LogShaderCompilers: Display: Worker (3/9): shaders left to compile 3637
[2020.10.28-07.13.34:570][ 47]LogShaderCompilers: Display: Worker (8/9): shaders left to compile 3627
[2020.10.28-07.13.35:234][ 93]LogShaderCompilers: Display: Worker (4/9): shaders left to compile 3617
[2020.10.28-07.13.35:664][119]LogShaderCompilers: Display: Worker (2/9): shaders left to compile 3607
[2020.10.28-07.13.36:034][146]LogShaderCompilers: Display: Worker (7/9): shaders left to compile 3597
[2020.10.28-07.13.36:639][191]LogShaderCompilers: Display: Worker (1/9): shaders left to compile 3587
[2020.10.28-07.13.37:246][234]LogShaderCompilers: Display: Worker (3/9): shaders left to compile 3577
[2020.10.28-07.13.37:931][281]LogShaderCompilers: Display: Worker (2/9): shaders left to compile 3567
[2020.10.28-07.13.38:074][289]LogShaderCompilers: Display: Worker (6/9): shaders left to compile 3557
[2020.10.28-07.13.38:748][337]LogShaderCompilers: Display: Worker (8/9): shaders left to compile 3547
[2020.10.28-07.13.39:004][353]LogShaderCompilers: Display: Worker (5/9): shaders left to compile 3537
[2020.10.28-07.13.39:352][376]LogShaderCompilers: Display: Worker (3/9): shaders left to compile 3527
[2020.10.28-07.13.39:686][398]LogShaderCompilers: Display: Worker (4/9): shaders left to compile 3517
[2020.10.28-07.13.40:015][422]LogShaderCompilers: Display: Worker (7/9): shaders left to compile 3507
[2020.10.28-07.13.40:300][443]LogShaderCompilers: Display: Worker (1/9): shaders left to compile 3497
[2020.10.28-07.13.41:333][514]LogShaderCompilers: Display: Worker (6/9): shaders left to compile 3487
[2020.10.28-07.13.41:695][538]LogShaderCompilers: Display: Worker (8/9): shaders left to compile 3477
[2020.10.28-07.13.42:064][565]LogShaderCompilers: Display: Worker (3/9): shaders left to compile 3467
[2020.10.28-07.13.42:302][580]LogShaderCompilers: Display: Worker (2/9): shaders left to compile 3457
[2020.10.28-07.13.43:505][662]LogShaderCompilers: Display: Worker (1/9): shaders left to compile 3447
[2020.10.28-07.13.43:766][679]LogShaderCompilers: Display: Worker (5/9): shaders left to compile 3437
[2020.10.28-07.13.44:114][703]LogShaderCompilers: Display: Worker (6/9): shaders left to compile 3427
[2020.10.28-07.13.44:163][707]LogShaderCompilers: Display: Worker (8/9): shaders left to compile 3417
[2020.10.28-07.13.46:088][839]LogShaderCompilers: Display: Worker (4/9): shaders left to compile 3407
[2020.10.28-07.13.46:104][840]LogShaderCompilers: Display: Worker (7/9): shaders left to compile 3397
[2020.10.28-07.13.46:665][879]LogShaderCompilers: Display: Worker (3/9): shaders left to compile 3387
[2020.10.28-07.13.47:170][916]LogShaderCompilers: Display: Worker (5/9): shaders left to compile 3377
[2020.10.28-07.13.47:222][920]LogShaderCompilers: Display: Worker (1/9): shaders left to compile 3367
[2020.10.28-07.13.47:355][929]LogShaderCompilers: Display: Worker (2/9): shaders left to compile 3357
[2020.10.28-07.13.48:184][986]LogShaderCompilers: Display: Worker (8/9): shaders left to compile 3347
[2020.10.28-07.13.49:375][ 68]LogShaderCompilers: Display: Worker (6/9): shaders left to compile 3337
[2020.10.28-07.13.49:841][102]LogShaderCompilers: Display: Worker (4/9): shaders left to compile 3327
[2020.10.28-07.13.50:063][117]LogShaderCompilers: Display: Worker (5/9): shaders left to compile 3317
[2020.10.28-07.13.50:118][121]LogShaderCompilers: Display: Worker (2/9): shaders left to compile 3307
[2020.10.28-07.13.50:254][130]LogShaderCompilers: Display: Worker (3/9): shaders left to compile 3297
[2020.10.28-07.13.51:291][200]LogShaderCompilers: Display: Worker (8/9): shaders left to compile 3287
[2020.10.28-07.13.51:583][219]LogShaderCompilers: Display: Worker (7/9): shaders left to compile 3277
[2020.10.28-07.13.52:096][255]LogShaderCompilers: Display: Worker (1/9): shaders left to compile 3267
[2020.10.28-07.13.52:452][277]LogShaderCompilers: Display: Worker (3/9): shaders left to compile 3257
[2020.10.28-07.13.52:552][284]LogShaderCompilers: Display: Worker (4/9): shaders left to compile 3247
[2020.10.28-07.13.53:358][339]LogShaderCompilers: Display: Worker (5/9): shaders left to compile 3237
[2020.10.28-07.13.53:950][380]LogShaderCompilers: Display: Worker (6/9): shaders left to compile 3227
[2020.10.28-07.13.54:335][408]LogShaderCompilers: Display: Worker (1/9): shaders left to compile 3217
[2020.10.28-07.13.54:694][432]LogShaderCompilers: Display: Worker (8/9): shaders left to compile 3207
[2020.10.28-07.13.55:049][457]LogShaderCompilers: Display: Worker (2/9): shaders left to compile 3197
[2020.10.28-07.13.55:723][505]LogShaderCompilers: Display: Worker (5/9): shaders left to compile 3187
[2020.10.28-07.13.55:863][515]LogShaderCompilers: Display: Worker (3/9): shaders left to compile 3177
[2020.10.28-07.13.56:087][529]LogShaderCompilers: Display: Worker (7/9): shaders left to compile 3167
[2020.10.28-07.13.56:456][553]LogShaderCompilers: Display: Worker (6/9): shaders left to compile 3157
[2020.10.28-07.13.56:977][591]LogShaderCompilers: Display: Worker (4/9): shaders left to compile 3147
[2020.10.28-07.13.57:195][608]LogShaderCompilers: Display: Worker (1/9): shaders left to compile 3137
[2020.10.28-07.13.57:635][640]LogShaderCompilers: Display: Worker (5/9): shaders left to compile 3127
[2020.10.28-07.13.58:865][728]LogShaderCompilers: Display: Worker (3/9): shaders left to compile 3117
[2020.10.28-07.13.59:277][757]LogShaderCompilers: Display: Worker (8/9): shaders left to compile 3107
[2020.10.28-07.13.59:360][763]LogShaderCompilers: Display: Worker (4/9): shaders left to compile 3097
[2020.10.28-07.13.59:554][778]LogShaderCompilers: Display: Worker (7/9): shaders left to compile 3087
[2020.10.28-07.13.59:946][807]LogShaderCompilers: Display: Worker (2/9): shaders left to compile 3077
[2020.10.28-07.14.00:002][812]LogShaderCompilers: Display: Worker (1/9): shaders left to compile 3067
[2020.10.28-07.14.00:332][835]LogShaderCompilers: Display: Worker (6/9): shaders left to compile 3057
[2020.10.28-07.14.01:483][916]LogShaderCompilers: Display: Worker (5/9): shaders left to compile 3047
[2020.10.28-07.14.01:657][928]LogShaderCompilers: Display: Worker (4/9): shaders left to compile 3037
[2020.10.28-07.14.03:401][ 52]LogShaderCompilers: Display: Worker (2/9): shaders left to compile 3027
[2020.10.28-07.14.03:631][ 69]LogShaderCompilers: Display: Worker (7/9): shaders left to compile 3017
[2020.10.28-07.14.03:756][ 77]LogShaderCompilers: Display: Worker (8/9): shaders left to compile 3007
[2020.10.28-07.14.03:769][ 78]LogShaderCompilers: Display: Worker (3/9): shaders left to compile 2997
[2020.10.28-07.14.04:337][116]LogShaderCompilers: Display: Worker (5/9): shaders left to compile 2987
[2020.10.28-07.14.04:543][132]LogShaderCompilers: Display: Worker (6/9): shaders left to compile 2977
[2020.10.28-07.14.05:035][169]LogShaderCompilers: Display: Worker (1/9): shaders left to compile 2967
[2020.10.28-07.14.06:298][258]LogShaderCompilers: Display: Worker (4/9): shaders left to compile 2957
[2020.10.28-07.14.06:312][259]LogShaderCompilers: Display: Worker (3/9): shaders left to compile 2947
[2020.10.28-07.14.06:798][293]LogShaderCompilers: Display: Worker (2/9): shaders left to compile 2937
[2020.10.28-07.14.07:255][325]LogShaderCompilers: Display: Worker (6/9): shaders left to compile 2927
[2020.10.28-07.14.08:773][434]LogShaderCompilers: Display: Worker (7/9): shaders left to compile 2917
[2020.10.28-07.14.09:052][450]LogShaderCompilers: Display: Worker (5/9): shaders left to compile 2907
[2020.10.28-07.14.09:210][462]LogShaderCompilers: Display: Worker (8/9): shaders left to compile 2897
[2020.10.28-07.14.09:224][463]LogShaderCompilers: Display: Worker (2/9): shaders left to compile 2887
[2020.10.28-07.14.09:447][479]LogShaderCompilers: Display: Worker (6/9): shaders left to compile 2877
[2020.10.28-07.14.09:751][500]LogShaderCompilers: Display: Worker (3/9): shaders left to compile 2867
[2020.10.28-07.14.10:312][537]LogShaderCompilers: Display: Worker (1/9): shaders left to compile 2857
[2020.10.28-07.14.11:605][625]LogShaderCompilers: Display: Worker (4/9): shaders left to compile 2847
[2020.10.28-07.14.12:091][642]LogShaderCompilers: Display: Worker (5/9): shaders left to compile 2837
[2020.10.28-07.14.12:272][655]LogShaderCompilers: Display: Worker (8/9): shaders left to compile 2827
[2020.10.28-07.14.12:715][687]LogShaderCompilers: Display: Worker (6/9): shaders left to compile 2817
[2020.10.28-07.14.13:070][712]LogShaderCompilers: Display: Worker (7/9): shaders left to compile 2807
[2020.10.28-07.14.13:070][712]LogShaderCompilers: Display: Worker (3/9): shaders left to compile 2797
[2020.10.28-07.14.14:362][807]LogShaderCompilers: Display: Worker (4/9): shaders left to compile 2787
[2020.10.28-07.14.14:533][820]LogShaderCompilers: Display: Worker (2/9): shaders left to compile 2777
[2020.10.28-07.14.14:953][852]LogShaderCompilers: Display: Worker (6/9): shaders left to compile 2767
[2020.10.28-07.14.15:226][871]LogShaderCompilers: Display: Worker (5/9): shaders left to compile 2757
[2020.10.28-07.14.15:648][901]LogShaderCompilers: Display: Worker (1/9): shaders left to compile 2747
[2020.10.28-07.14.16:199][950]LogShaderCompilers: Display: Worker (7/9): shaders left to compile 2737
[2020.10.28-07.14.16:759][ 13]LogShaderCompilers: Display: Worker (4/9): shaders left to compile 2727
[2020.10.28-07.14.16:977][ 39]LogShaderCompilers: Display: Worker (8/9): shaders left to compile 2717
